<?xml version="1.0" encoding="UTF-8"?>
<testsuite xmlns:xsi="http://www.w3.org/2001/XMLSchema-instance" xsi:noNamespaceSchemaLocation="https://maven.apache.org/surefire/maven-surefire-plugin/xsd/surefire-test-report-3.0.xsd" version="3.0" name="com.jpmc.midascore.TaskFiveTests" time="5.606" tests="1" errors="0" skipped="0" failures="0">
  <properties>
[...]
</properties>
  <testcase name="task_five_verifier" classname="com.jpmc.midascore.TaskFiveTests" time="2.496">
    <system-out><![CDATA[21:33:14.509 [main] INFO org.springframework.test.context.support.AnnotationConfigContextLoaderUtils -- Could not detect default configuration classes for test class [com.jpmc.midascore.TaskFiveTests]: TaskFiveTests does not declare any static, non-private, non-final, nested classes annotated with @Configuration.
21:33:14.555 [main] INFO org.springframework.boot.test.context.SpringBootTestContextBootstrapper -- Found @SpringBootConfiguration com.jpmc.midascore.MidasCoreApplication for test class com.jpmc.midascore.TaskFiveTests

  .   ____          _            __ _ _
 /\\ / ___'_ __ _ _(_)_ __  __ _ \ \ \ \
( ( )\___ | '_ | '_| | '_ \/ _` | \ \ \ \
 \\/  ___)| |_)| | | | | || (_| |  ) ) ) )
  '  |____| .__|_| |_|_| |_\__, | / / / /
 =========|_|==============|___/=/_/_/_/
&amp#27;[32m :: Spring Boot :: &amp#27;[39m              &amp#27;[2m (v3.2.5)&amp#27;[0;39m

&amp#27;[2m2025-08-15T21:33:14.958+05:30&amp#27;[0;39m &amp#27;[32m INFO&amp#27;[0;39m &amp#27;[35m4750&amp#27;[0;39m &amp#27;[2m---&amp#27;[0;39m &amp#27;[2m[           main]&amp#27;[0;39m &amp#27;[2m&amp#27;[0;39m&amp#27;[36mk.utils.Log4jControllerRegistration$    &amp#27;[0;39m &amp#27;[2m:&amp#27;[0;39m Registered kafka:type=kafka.Log4jController MBean
&amp#27;[2m2025-08-15T21:33:14.970+05:30&amp#27;[0;39m &amp#27;[32m INFO&amp#27;[0;39m &amp#27;[35m4750&amp#27;[0;39m &amp#27;[2m---&amp#27;[0;39m &amp#27;[2m[           main]&amp#27;[0;39m &amp#27;[2m&amp#27;[0;39m&amp#27;[36morg.apache.zookeeper.common.X509Util    &amp#27;[0;39m &amp#27;[2m:&amp#27;[0;39m Setting -D jdk.tls.rejectClientInitiatedRenegotiation=true to disable client-initiated TLS renegotiation
&amp#27;[2m2025-08-15T21:33:15.026+05:30&amp#27;[0;39m &amp#27;[32m INFO&amp#27;[0;39m &amp#27;[35m4750&amp#27;[0;39m &amp#27;[2m---&amp#27;[0;39m &amp#27;[2m[-kit-executor-1]&amp#27;[0;39m &amp#27;[2m&amp#27;[0;39m&amp#27;[36mkafka.server.ControllerServer           &amp#27;[0;39m &amp#27;[2m:&amp#27;[0;39m Formatting /var/folders/yt/8yxf8rd12tscf0qk7fmq7n_m0000gn/T/kafka-14683256353376918148/controller_0 with metadata.version 3.3-IV0.
&amp#27;[2m2025-08-15T21:33:15.027+05:30&amp#27;[0;39m &amp#27;[32m INFO&amp#27;[0;39m &amp#27;[35m4750&amp#27;[0;39m &amp#27;[2m---&amp#27;[0;39m &amp#27;[2m[-kit-executor-3]&amp#27;[0;39m &amp#27;[2m&amp#27;[0;39m&amp#27;[36mkafka.server.BrokerServer               &amp#27;[0;39m &amp#27;[2m:&amp#27;[0;39m [BrokerServer id=0] Transition from SHUTDOWN to STARTING
&amp#27;[2m2025-08-15T21:33:15.027+05:30&amp#27;[0;39m &amp#27;[32m INFO&amp#27;[0;39m &amp#27;[35m4750&amp#27;[0;39m &amp#27;[2m---&amp#27;[0;39m &amp#27;[2m[-kit-executor-2]&amp#27;[0;39m &amp#27;[2m&amp#27;[0;39m&amp#27;[36mkafka.server.ControllerServer           &amp#27;[0;39m &amp#27;[2m:&amp#27;[0;39m [ControllerServer id=0] Starting controller
&amp#27;[2m2025-08-15T21:33:15.027+05:30&amp#27;[0;39m &amp#27;[32m INFO&amp#27;[0;39m &amp#27;[35m4750&amp#27;[0;39m &amp#27;[2m---&amp#27;[0;39m &amp#27;[2m[-kit-executor-3]&amp#27;[0;39m &amp#27;[2m&amp#27;[0;39m&amp#27;[36mkafka.server.SharedServer               &amp#27;[0;39m &amp#27;[2m:&amp#27;[0;39m [SharedServer id=0] Starting SharedServer
&amp#27;[2m2025-08-15T21:33:15.035+05:30&amp#27;[0;39m &amp#27;[32m INFO&amp#27;[0;39m &amp#27;[35m4750&amp#27;[0;39m &amp#27;[2m---&amp#27;[0;39m &amp#27;[2m[-kit-executor-2]&amp#27;[0;39m &amp#27;[2m&amp#27;[0;39m&amp#27;[36mo.a.k.s.network.EndpointReadyFutures    &amp#27;[0;39m &amp#27;[2m:&amp#27;[0;39m authorizerStart completed for endpoint CONTROLLER. Endpoint is now READY.
&amp#27;[2m2025-08-15T21:33:15.072+05:30&amp#27;[0;39m &amp#27;[32m INFO&amp#27;[0;39m &amp#27;[35m4750&amp#27;[0;39m &amp#27;[2m---&amp#27;[0;39m &amp#27;[2m[-kit-executor-3]&amp#27;[0;39m &amp#27;[2m&amp#27;[0;39m&amp#27;[36mkafka.log.UnifiedLog$                   &amp#27;[0;39m &amp#27;[2m:&amp#27;[0;39m [LogLoader partition=__cluster_metadata-0, dir=/var/folders/yt/8yxf8rd12tscf0qk7fmq7n_m0000gn/T/kafka-14683256353376918148/controller_0] Loading producer state till offset 0 with message format version 2
&amp#27;[2m2025-08-15T21:33:15.072+05:30&amp#27;[0;39m &amp#27;[32m INFO&amp#27;[0;39m &amp#27;[35m4750&amp#27;[0;39m &amp#27;[2m---&amp#27;[0;39m &amp#27;[2m[-kit-executor-3]&amp#27;[0;39m &amp#27;[2m&amp#27;[0;39m&amp#27;[36mkafka.log.UnifiedLog$                   &amp#27;[0;39m &amp#27;[2m:&amp#27;[0;39m [LogLoader partition=__cluster_metadata-0, dir=/var/folders/yt/8yxf8rd12tscf0qk7fmq7n_m0000gn/T/kafka-14683256353376918148/controller_0] Reloading from producer snapshot and rebuilding producer state from offset 0
&amp#27;[2m2025-08-15T21:33:15.073+05:30&amp#27;[0;39m &amp#27;[32m INFO&amp#27;[0;39m &amp#27;[35m4750&amp#27;[0;39m &amp#27;[2m---&amp#27;[0;39m &amp#27;[2m[-kit-executor-3]&amp#27;[0;39m &amp#27;[2m&amp#27;[0;39m&amp#27;[36mkafka.log.UnifiedLog$                   &amp#27;[0;39m &amp#27;[2m:&amp#27;[0;39m [LogLoader partition=__cluster_metadata-0, dir=/var/folders/yt/8yxf8rd12tscf0qk7fmq7n_m0000gn/T/kafka-14683256353376918148/controller_0] Producer state recovery took 0ms for snapshot load and 0ms for segment recovery from offset 0
&amp#27;[2m2025-08-15T21:33:15.112+05:30&amp#27;[0;39m &amp#27;[32m INFO&amp#27;[0;39m &amp#27;[35m4750&amp#27;[0;39m &amp#27;[2m---&amp#27;[0;39m &amp#27;[2m[-kit-executor-3]&amp#27;[0;39m &amp#27;[2m&amp#27;[0;39m&amp#27;[36mkafka.raft.KafkaMetadataLog$            &amp#27;[0;39m &amp#27;[2m:&amp#27;[0;39m Initialized snapshots with IDs SortedSet() from /var/folders/yt/8yxf8rd12tscf0qk7fmq7n_m0000gn/T/kafka-14683256353376918148/controller_0/__cluster_metadata-0
&amp#27;[2m2025-08-15T21:33:15.138+05:30&amp#27;[0;39m &amp#27;[32m INFO&amp#27;[0;39m &amp#27;[35m4750&amp#27;[0;39m &amp#27;[2m---&amp#27;[0;39m &amp#27;[2m[piration-reaper]&amp#27;[0;39m &amp#27;[2m&amp#27;[0;39m&amp#27;[36mExpirationService$ExpiredOperationReaper&amp#27;[0;39m &amp#27;[2m:&amp#27;[0;39m [raft-expiration-reaper]: Starting
&amp#27;[2m2025-08-15T21:33:15.167+05:30&amp#27;[0;39m &amp#27;[32m INFO&amp#27;[0;39m &amp#27;[35m4750&amp#27;[0;39m &amp#27;[2m---&amp#27;[0;39m &amp#27;[2m[-kit-executor-3]&amp#27;[0;39m &amp#27;[2m&amp#27;[0;39m&amp#27;[36morg.apache.kafka.raft.QuorumState       &amp#27;[0;39m &amp#27;[2m:&amp#27;[0;39m [RaftManager id=0] Completed transition to Unattached(epoch=0, voters=[0], electionTimeoutMs=1213) from null
&amp#27;[2m2025-08-15T21:33:15.174+05:30&amp#27;[0;39m &amp#27;[32m INFO&amp#27;[0;39m &amp#27;[35m4750&amp#27;[0;39m &amp#27;[2m---&amp#27;[0;39m &amp#27;[2m[-kit-executor-3]&amp#27;[0;39m &amp#27;[2m&amp#27;[0;39m&amp#27;[36morg.apache.kafka.raft.QuorumState       &amp#27;[0;39m &amp#27;[2m:&amp#27;[0;39m [RaftManager id=0] Completed transition to CandidateState(localId=0, epoch=1, retries=1, voteStates={0=GRANTED}, highWatermark=Optional.empty, electionTimeoutMs=1388) from Unattached(epoch=0, voters=[0], electionTimeoutMs=1213)
&amp#27;[2m2025-08-15T21:33:15.177+05:30&amp#27;[0;39m &amp#27;[32m INFO&amp#27;[0;39m &amp#27;[35m4750&amp#27;[0;39m &amp#27;[2m---&amp#27;[0;39m &amp#27;[2m[-kit-executor-3]&amp#27;[0;39m &amp#27;[2m&amp#27;[0;39m&amp#27;[36morg.apache.kafka.raft.QuorumState       &amp#27;[0;39m &amp#27;[2m:&amp#27;[0;39m [RaftManager id=0] Completed transition to Leader(localId=0, epoch=1, epochStartOffset=0, highWatermark=Optional.empty, voterStates={0=ReplicaState(nodeId=0, endOffset=Optional.empty, lastFetchTimestamp=-1, lastCaughtUpTimestamp=-1, hasAcknowledgedLeader=true)}) from CandidateState(localId=0, epoch=1, retries=1, voteStates={0=GRANTED}, highWatermark=Optional.empty, electionTimeoutMs=1388)
&amp#27;[2m2025-08-15T21:33:15.204+05:30&amp#27;[0;39m &amp#27;[32m INFO&amp#27;[0;39m &amp#27;[35m4750&amp#27;[0;39m &amp#27;[2m---&amp#27;[0;39m &amp#27;[2m[-kit-executor-2]&amp#27;[0;39m &amp#27;[2m&amp#27;[0;39m&amp#27;[36mkafka.network.ConnectionQuotas          &amp#27;[0;39m &amp#27;[2m:&amp#27;[0;39m Updated connection-accept-rate max connection creation rate to 2147483647
&amp#27;[2m2025-08-15T21:33:15.216+05:30&amp#27;[0;39m &amp#27;[32m INFO&amp#27;[0;39m &amp#27;[35m4750&amp#27;[0;39m &amp#27;[2m---&amp#27;[0;39m &amp#27;[2m[-kit-executor-2]&amp#27;[0;39m &amp#27;[2m&amp#27;[0;39m&amp#27;[36mkafka.network.DataPlaneAcceptor         &amp#27;[0;39m &amp#27;[2m:&amp#27;[0;39m Awaiting socket connections on localhost:54127.
&amp#27;[2m2025-08-15T21:33:15.216+05:30&amp#27;[0;39m &amp#27;[32m INFO&amp#27;[0;39m &amp#27;[35m4750&amp#27;[0;39m &amp#27;[2m---&amp#27;[0;39m &amp#27;[2m[-kit-executor-2]&amp#27;[0;39m &amp#27;[2m&amp#27;[0;39m&amp#27;[36mkafka.network.DataPlaneAcceptor         &amp#27;[0;39m &amp#27;[2m:&amp#27;[0;39m Opened wildcard endpoint localhost:54127
&amp#27;[2m2025-08-15T21:33:15.222+05:30&amp#27;[0;39m &amp#27;[32m INFO&amp#27;[0;39m &amp#27;[35m4750&amp#27;[0;39m &amp#27;[2m---&amp#27;[0;39m &amp#27;[2m[-kit-executor-2]&amp#27;[0;39m &amp#27;[2m&amp#27;[0;39m&amp#27;[36mkafka.network.SocketServer              &amp#27;[0;39m &amp#27;[2m:&amp#27;[0;39m [SocketServer listenerType=CONTROLLER, nodeId=0] Created data-plane acceptor and processors for endpoint : ListenerName(CONTROLLER)
&amp#27;[2m2025-08-15T21:33:15.224+05:30&amp#27;[0;39m &amp#27;[32m INFO&amp#27;[0;39m &amp#27;[35m4750&amp#27;[0;39m &amp#27;[2m---&amp#27;[0;39m &amp#27;[2m[-request-thread]&amp#27;[0;39m &amp#27;[2m&amp#27;[0;39m&amp#27;[36mkafka.raft.RaftSendThread               &amp#27;[0;39m &amp#27;[2m:&amp#27;[0;39m [kafka-0-raft-outbound-request-thread]: Starting
&amp#27;[2m2025-08-15T21:33:15.224+05:30&amp#27;[0;39m &amp#27;[32m INFO&amp#27;[0;39m &amp#27;[35m4750&amp#27;[0;39m &amp#27;[2m---&amp#27;[0;39m &amp#27;[2m[-raft-io-thread]&amp#27;[0;39m &amp#27;[2m&amp#27;[0;39m&amp#27;[36mk.raft.KafkaRaftManager$RaftIoThread    &amp#27;[0;39m &amp#27;[2m:&amp#27;[0;39m [kafka-0-raft-io-thread]: Starting
&amp#27;[2m2025-08-15T21:33:15.229+05:30&amp#27;[0;39m &amp#27;[32m INFO&amp#27;[0;39m &amp#27;[35m4750&amp#27;[0;39m &amp#27;[2m---&amp#27;[0;39m &amp#27;[2m[-raft-io-thread]&amp#27;[0;39m &amp#27;[2m&amp#27;[0;39m&amp#27;[36morg.apache.kafka.raft.LeaderState       &amp#27;[0;39m &amp#27;[2m:&amp#27;[0;39m [RaftManager id=0] High watermark set to LogOffsetMetadata(offset=1, metadata=Optional[(segmentBaseOffset=0,relativePositionInSegment=91)]) for the first time for epoch 1 based on indexOfHw 0 and voters [ReplicaState(nodeId=0, endOffset=Optional[LogOffsetMetadata(offset=1, metadata=Optional[(segmentBaseOffset=0,relativePositionInSegment=91)])], lastFetchTimestamp=-1, lastCaughtUpTimestamp=-1, hasAcknowledgedLeader=true)]
&amp#27;[2m2025-08-15T21:33:15.231+05:30&amp#27;[0;39m &amp#27;[32m INFO&amp#27;[0;39m &amp#27;[35m4750&amp#27;[0;39m &amp#27;[2m---&amp#27;[0;39m &amp#27;[2m[r-event-handler]&amp#27;[0;39m &amp#27;[2m&amp#27;[0;39m&amp#27;[36mo.a.kafka.image.loader.MetadataLoader   &amp#27;[0;39m &amp#27;[2m:&amp#27;[0;39m [MetadataLoader id=0] initializeNewPublishers: The loader is still catching up because we have loaded up to offset -1, but the high water mark is 1
&amp#27;[2m2025-08-15T21:33:15.231+05:30&amp#27;[0;39m &amp#27;[32m INFO&amp#27;[0;39m &amp#27;[35m4750&amp#27;[0;39m &amp#27;[2m---&amp#27;[0;39m &amp#27;[2m[-kit-executor-3]&amp#27;[0;39m &amp#27;[2m&amp#27;[0;39m&amp#27;[36mkafka.server.BrokerServer               &amp#27;[0;39m &amp#27;[2m:&amp#27;[0;39m [BrokerServer id=0] Starting broker
&amp#27;[2m2025-08-15T21:33:15.232+05:30&amp#27;[0;39m &amp#27;[32m INFO&amp#27;[0;39m &amp#27;[35m4750&amp#27;[0;39m &amp#27;[2m---&amp#27;[0;39m &amp#27;[2m[-kit-executor-2]&amp#27;[0;39m &amp#27;[2m&amp#27;[0;39m&amp#27;[36mkafka.server.ControllerServer           &amp#27;[0;39m &amp#27;[2m:&amp#27;[0;39m [ControllerServer id=0] Waiting for controller quorum voters future
&amp#27;[2m2025-08-15T21:33:15.232+05:30&amp#27;[0;39m &amp#27;[32m INFO&amp#27;[0;39m &amp#27;[35m4750&amp#27;[0;39m &amp#27;[2m---&amp#27;[0;39m &amp#27;[2m[-kit-executor-2]&amp#27;[0;39m &amp#27;[2m&amp#27;[0;39m&amp#27;[36mkafka.server.ControllerServer           &amp#27;[0;39m &amp#27;[2m:&amp#27;[0;39m [ControllerServer id=0] Finished waiting for controller quorum voters future
&amp#27;[2m2025-08-15T21:33:15.237+05:30&amp#27;[0;39m &amp#27;[32m INFO&amp#27;[0;39m &amp#27;[35m4750&amp#27;[0;39m &amp#27;[2m---&amp#27;[0;39m &amp#27;[2m[-raft-io-thread]&amp#27;[0;39m &amp#27;[2m&amp#27;[0;39m&amp#27;[36morg.apache.kafka.raft.KafkaRaftClient   &amp#27;[0;39m &amp#27;[2m:&amp#27;[0;39m [RaftManager id=0] Registered the listener org.apache.kafka.image.loader.MetadataLoader@2057115189
&amp#27;[2m2025-08-15T21:33:15.240+05:30&amp#27;[0;39m &amp#27;[32m INFO&amp#27;[0;39m &amp#27;[35m4750&amp#27;[0;39m &amp#27;[2m---&amp#27;[0;39m &amp#27;[2m[nelReaper-Fetch]&amp#27;[0;39m &amp#27;[2m&amp#27;[0;39m&amp#27;[36mlientQuotaManager$ThrottledChannelReaper&amp#27;[0;39m &amp#27;[2m:&amp#27;[0;39m [broker-0-ThrottledChannelReaper-Fetch]: Starting
&amp#27;[2m2025-08-15T21:33:15.241+05:30&amp#27;[0;39m &amp#27;[32m INFO&amp#27;[0;39m &amp#27;[35m4750&amp#27;[0;39m &amp#27;[2m---&amp#27;[0;39m &amp#27;[2m[lReaper-Produce]&amp#27;[0;39m &amp#27;[2m&amp#27;[0;39m&amp#27;[36mlientQuotaManager$ThrottledChannelReaper&amp#27;[0;39m &amp#27;[2m:&amp#27;[0;39m [broker-0-ThrottledChannelReaper-Produce]: Starting
&amp#27;[2m2025-08-15T21:33:15.241+05:30&amp#27;[0;39m &amp#27;[32m INFO&amp#27;[0;39m &amp#27;[35m4750&amp#27;[0;39m &amp#27;[2m---&amp#27;[0;39m &amp#27;[2m[lReaper-Request]&amp#27;[0;39m &amp#27;[2m&amp#27;[0;39m&amp#27;[36mlientQuotaManager$ThrottledChannelReaper&amp#27;[0;39m &amp#27;[2m:&amp#27;[0;39m [broker-0-ThrottledChannelReaper-Request]: Starting
&amp#27;[2m2025-08-15T21:33:15.242+05:30&amp#27;[0;39m &amp#27;[32m INFO&amp#27;[0;39m &amp#27;[35m4750&amp#27;[0;39m &amp#27;[2m---&amp#27;[0;39m &amp#27;[2m[r-event-handler]&amp#27;[0;39m &amp#27;[2m&amp#27;[0;39m&amp#27;[36mo.a.kafka.image.loader.MetadataLoader   &amp#27;[0;39m &amp#27;[2m:&amp#27;[0;39m [MetadataLoader id=0] maybePublishMetadata(LOG_DELTA): The loader is still catching up because we have not loaded a controller record as of offset 0 and high water mark is 1
&amp#27;[2m2025-08-15T21:33:15.242+05:30&amp#27;[0;39m &amp#27;[32m INFO&amp#27;[0;39m &amp#27;[35m4750&amp#27;[0;39m &amp#27;[2m---&amp#27;[0;39m &amp#27;[2m[trollerMutation]&amp#27;[0;39m &amp#27;[2m&amp#27;[0;39m&amp#27;[36mlientQuotaManager$ThrottledChannelReaper&amp#27;[0;39m &amp#27;[2m:&amp#27;[0;39m [broker-0-ThrottledChannelReaper-ControllerMutation]: Starting
&amp#27;[2m2025-08-15T21:33:15.245+05:30&amp#27;[0;39m &amp#27;[32m INFO&amp#27;[0;39m &amp#27;[35m4750&amp#27;[0;39m &amp#27;[2m---&amp#27;[0;39m &amp#27;[2m[-kit-executor-2]&amp#27;[0;39m &amp#27;[2m&amp#27;[0;39m&amp#27;[36mo.a.kafka.controller.QuorumController   &amp#27;[0;39m &amp#27;[2m:&amp#27;[0;39m [QuorumController id=0] Creating new QuorumController with clusterId 13-hd41rSTOrrzXq3azDuQ.
&amp#27;[2m2025-08-15T21:33:15.245+05:30&amp#27;[0;39m &amp#27;[32m INFO&amp#27;[0;39m &amp#27;[35m4750&amp#27;[0;39m &amp#27;[2m---&amp#27;[0;39m &amp#27;[2m[nelReaper-Fetch]&amp#27;[0;39m &amp#27;[2m&amp#27;[0;39m&amp#27;[36mlientQuotaManager$ThrottledChannelReaper&amp#27;[0;39m &amp#27;[2m:&amp#27;[0;39m [controller-0-ThrottledChannelReaper-Fetch]: Starting
&amp#27;[2m2025-08-15T21:33:15.245+05:30&amp#27;[0;39m &amp#27;[32m INFO&amp#27;[0;39m &amp#27;[35m4750&amp#27;[0;39m &amp#27;[2m---&amp#27;[0;39m &amp#27;[2m[-raft-io-thread]&amp#27;[0;39m &amp#27;[2m&amp#27;[0;39m&amp#27;[36morg.apache.kafka.raft.KafkaRaftClient   &amp#27;[0;39m &amp#27;[2m:&amp#27;[0;39m [RaftManager id=0] Registered the listener org.apache.kafka.controller.QuorumController$QuorumMetaLogListener@2084888316
&amp#27;[2m2025-08-15T21:33:15.245+05:30&amp#27;[0;39m &amp#27;[32m INFO&amp#27;[0;39m &amp#27;[35m4750&amp#27;[0;39m &amp#27;[2m---&amp#27;[0;39m &amp#27;[2m[lReaper-Produce]&amp#27;[0;39m &amp#27;[2m&amp#27;[0;39m&amp#27;[36mlientQuotaManager$ThrottledChannelReaper&amp#27;[0;39m &amp#27;[2m:&amp#27;[0;39m [controller-0-ThrottledChannelReaper-Produce]: Starting
&amp#27;[2m2025-08-15T21:33:15.245+05:30&amp#27;[0;39m &amp#27;[32m INFO&amp#27;[0;39m &amp#27;[35m4750&amp#27;[0;39m &amp#27;[2m---&amp#27;[0;39m &amp#27;[2m[lReaper-Request]&amp#27;[0;39m &amp#27;[2m&amp#27;[0;39m&amp#27;[36mlientQuotaManager$ThrottledChannelReaper&amp#27;[0;39m &amp#27;[2m:&amp#27;[0;39m [controller-0-ThrottledChannelReaper-Request]: Starting
&amp#27;[2m2025-08-15T21:33:15.245+05:30&amp#27;[0;39m &amp#27;[32m INFO&amp#27;[0;39m &amp#27;[35m4750&amp#27;[0;39m &amp#27;[2m---&amp#27;[0;39m &amp#27;[2m[trollerMutation]&amp#27;[0;39m &amp#27;[2m&amp#27;[0;39m&amp#27;[36mlientQuotaManager$ThrottledChannelReaper&amp#27;[0;39m &amp#27;[2m:&amp#27;[0;39m [controller-0-ThrottledChannelReaper-ControllerMutation]: Starting
&amp#27;[2m2025-08-15T21:33:15.247+05:30&amp#27;[0;39m &amp#27;[32m INFO&amp#27;[0;39m &amp#27;[35m4750&amp#27;[0;39m &amp#27;[2m---&amp#27;[0;39m &amp#27;[2m[0-event-handler]&amp#27;[0;39m &amp#27;[2m&amp#27;[0;39m&amp#27;[36mo.a.kafka.controller.QuorumController   &amp#27;[0;39m &amp#27;[2m:&amp#27;[0;39m [QuorumController id=0] Becoming the active controller at epoch 1, next write offset 1.
&amp#27;[2m2025-08-15T21:33:15.248+05:30&amp#27;[0;39m &amp#27;[32m INFO&amp#27;[0;39m &amp#27;[35m4750&amp#27;[0;39m &amp#27;[2m---&amp#27;[0;39m &amp#27;[2m[-kit-executor-3]&amp#27;[0;39m &amp#27;[2m&amp#27;[0;39m&amp#27;[36mkafka.log.LogManager                    &amp#27;[0;39m &amp#27;[2m:&amp#27;[0;39m Log directory /var/folders/yt/8yxf8rd12tscf0qk7fmq7n_m0000gn/T/kafka-14683256353376918148/broker_0_data0 not found, creating it.
&amp#27;[2m2025-08-15T21:33:15.249+05:30&amp#27;[0;39m &amp#27;[33m WARN&amp#27;[0;39m &amp#27;[35m4750&amp#27;[0;39m &amp#27;[2m---&amp#27;[0;39m &amp#27;[2m[0-event-handler]&amp#27;[0;39m &amp#27;[2m&amp#27;[0;39m&amp#27;[36mo.a.kafka.controller.QuorumController   &amp#27;[0;39m &amp#27;[2m:&amp#27;[0;39m [QuorumController id=0] Performing controller activation. The metadata log appears to be empty. Appending 1 bootstrap record(s) in metadata transaction at metadata.version 3.6-IV2 from bootstrap source 'testkit'. Setting the ZK migration state to NONE since this is a de-novo KRaft cluster.
&amp#27;[2m2025-08-15T21:33:15.249+05:30&amp#27;[0;39m &amp#27;[32m INFO&amp#27;[0;39m &amp#27;[35m4750&amp#27;[0;39m &amp#27;[2m---&amp#27;[0;39m &amp#27;[2m[0-event-handler]&amp#27;[0;39m &amp#27;[2m&amp#27;[0;39m&amp#27;[36mo.a.k.controller.OffsetControlManager   &amp#27;[0;39m &amp#27;[2m:&amp#27;[0;39m [QuorumController id=0] Replayed BeginTransactionRecord(name='Bootstrap records') at offset 1.
&amp#27;[2m2025-08-15T21:33:15.249+05:30&amp#27;[0;39m &amp#27;[32m INFO&amp#27;[0;39m &amp#27;[35m4750&amp#27;[0;39m &amp#27;[2m---&amp#27;[0;39m &amp#27;[2m[0-event-handler]&amp#27;[0;39m &amp#27;[2m&amp#27;[0;39m&amp#27;[36mo.a.k.controller.FeatureControlManager  &amp#27;[0;39m &amp#27;[2m:&amp#27;[0;39m [QuorumController id=0] Replayed a FeatureLevelRecord setting metadata version to 3.6-IV2
&amp#27;[2m2025-08-15T21:33:15.250+05:30&amp#27;[0;39m &amp#27;[32m INFO&amp#27;[0;39m &amp#27;[35m4750&amp#27;[0;39m &amp#27;[2m---&amp#27;[0;39m &amp#27;[2m[0-event-handler]&amp#27;[0;39m &amp#27;[2m&amp#27;[0;39m&amp#27;[36mo.a.k.controller.OffsetControlManager   &amp#27;[0;39m &amp#27;[2m:&amp#27;[0;39m [QuorumController id=0] Replayed EndTransactionRecord() at offset 4.
&amp#27;[2m2025-08-15T21:33:15.252+05:30&amp#27;[0;39m &amp#27;[32m INFO&amp#27;[0;39m &amp#27;[35m4750&amp#27;[0;39m &amp#27;[2m---&amp#27;[0;39m &amp#27;[2m[per-0-AlterAcls]&amp#27;[0;39m &amp#27;[2m&amp#27;[0;39m&amp#27;[36mperationPurgatory$ExpiredOperationReaper&amp#27;[0;39m &amp#27;[2m:&amp#27;[0;39m [ExpirationReaper-0-AlterAcls]: Starting
&amp#27;[2m2025-08-15T21:33:15.254+05:30&amp#27;[0;39m &amp#27;[32m INFO&amp#27;[0;39m &amp#27;[35m4750&amp#27;[0;39m &amp#27;[2m---&amp#27;[0;39m &amp#27;[2m[-kit-executor-3]&amp#27;[0;39m &amp#27;[2m&amp#27;[0;39m&amp#27;[36mkafka.server.BrokerServer               &amp#27;[0;39m &amp#27;[2m:&amp#27;[0;39m [BrokerServer id=0] Waiting for controller quorum voters future
&amp#27;[2m2025-08-15T21:33:15.254+05:30&amp#27;[0;39m &amp#27;[32m INFO&amp#27;[0;39m &amp#27;[35m4750&amp#27;[0;39m &amp#27;[2m---&amp#27;[0;39m &amp#27;[2m[-kit-executor-3]&amp#27;[0;39m &amp#27;[2m&amp#27;[0;39m&amp#27;[36mkafka.server.BrokerServer               &amp#27;[0;39m &amp#27;[2m:&amp#27;[0;39m [BrokerServer id=0] Finished waiting for controller quorum voters future
&amp#27;[2m2025-08-15T21:33:15.255+05:30&amp#27;[0;39m &amp#27;[32m INFO&amp#27;[0;39m &amp#27;[35m4750&amp#27;[0;39m &amp#27;[2m---&amp#27;[0;39m &amp#27;[2m[-kit-executor-2]&amp#27;[0;39m &amp#27;[2m&amp#27;[0;39m&amp#27;[36mkafka.server.ControllerServer           &amp#27;[0;39m &amp#27;[2m:&amp#27;[0;39m [ControllerServer id=0] Waiting for the controller metadata publishers to be installed
&amp#27;[2m2025-08-15T21:33:15.255+05:30&amp#27;[0;39m &amp#27;[32m INFO&amp#27;[0;39m &amp#27;[35m4750&amp#27;[0;39m &amp#27;[2m---&amp#27;[0;39m &amp#27;[2m[r-event-handler]&amp#27;[0;39m &amp#27;[2m&amp#27;[0;39m&amp#27;[36mo.a.kafka.image.loader.MetadataLoader   &amp#27;[0;39m &amp#27;[2m:&amp#27;[0;39m [MetadataLoader id=0] initializeNewPublishers: The loader finished catching up to the current high water mark of 1
&amp#27;[2m2025-08-15T21:33:15.255+05:30&amp#27;[0;39m &amp#27;[32m INFO&amp#27;[0;39m &amp#27;[35m4750&amp#27;[0;39m &amp#27;[2m---&amp#27;[0;39m &amp#27;[2m[-kit-executor-2]&amp#27;[0;39m &amp#27;[2m&amp#27;[0;39m&amp#27;[36mkafka.server.ControllerServer           &amp#27;[0;39m &amp#27;[2m:&amp#27;[0;39m [ControllerServer id=0] Finished waiting for the controller metadata publishers to be installed
&amp#27;[2m2025-08-15T21:33:15.256+05:30&amp#27;[0;39m &amp#27;[32m INFO&amp#27;[0;39m &amp#27;[35m4750&amp#27;[0;39m &amp#27;[2m---&amp#27;[0;39m &amp#27;[2m[-kit-executor-2]&amp#27;[0;39m &amp#27;[2m&amp#27;[0;39m&amp#27;[36mkafka.network.SocketServer              &amp#27;[0;39m &amp#27;[2m:&amp#27;[0;39m [SocketServer listenerType=CONTROLLER, nodeId=0] Enabling request processing.
&amp#27;[2m2025-08-15T21:33:15.256+05:30&amp#27;[0;39m &amp#27;[32m INFO&amp#27;[0;39m &amp#27;[35m4750&amp#27;[0;39m &amp#27;[2m---&amp#27;[0;39m &amp#27;[2m[channel-manager]&amp#27;[0;39m &amp#27;[2m&amp#27;[0;39m&amp#27;[36mk.s.BrokerToControllerRequestThread     &amp#27;[0;39m &amp#27;[2m:&amp#27;[0;39m [broker-0-to-controller-forwarding-channel-manager]: Starting
&amp#27;[2m2025-08-15T21:33:15.257+05:30&amp#27;[0;39m &amp#27;[32m INFO&amp#27;[0;39m &amp#27;[35m4750&amp#27;[0;39m &amp#27;[2m---&amp#27;[0;39m &amp#27;[2m[channel-manager]&amp#27;[0;39m &amp#27;[2m&amp#27;[0;39m&amp#27;[36mk.s.BrokerToControllerRequestThread     &amp#27;[0;39m &amp#27;[2m:&amp#27;[0;39m [broker-0-to-controller-forwarding-channel-manager]: Recorded new controller, from now on will use node localhost:54127 (id: 0 rack: null)
&amp#27;[2m2025-08-15T21:33:15.258+05:30&amp#27;[0;39m &amp#27;[32m INFO&amp#27;[0;39m &amp#27;[35m4750&amp#27;[0;39m &amp#27;[2m---&amp#27;[0;39m &amp#27;[2m[r-event-handler]&amp#27;[0;39m &amp#27;[2m&amp#27;[0;39m&amp#27;[36mo.a.kafka.image.loader.MetadataLoader   &amp#27;[0;39m &amp#27;[2m:&amp#27;[0;39m [MetadataLoader id=0] InitializeNewPublishers: initializing SnapshotGenerator with a snapshot at offset 0
&amp#27;[2m2025-08-15T21:33:15.258+05:30&amp#27;[0;39m &amp#27;[32m INFO&amp#27;[0;39m &amp#27;[35m4750&amp#27;[0;39m &amp#27;[2m---&amp#27;[0;39m &amp#27;[2m[-kit-executor-2]&amp#27;[0;39m &amp#27;[2m&amp#27;[0;39m&amp#27;[36mkafka.server.ControllerServer           &amp#27;[0;39m &amp#27;[2m:&amp#27;[0;39m [ControllerServer id=0] Waiting for all of the authorizer futures to be completed
&amp#27;[2m2025-08-15T21:33:15.258+05:30&amp#27;[0;39m &amp#27;[32m INFO&amp#27;[0;39m &amp#27;[35m4750&amp#27;[0;39m &amp#27;[2m---&amp#27;[0;39m &amp#27;[2m[-kit-executor-2]&amp#27;[0;39m &amp#27;[2m&amp#27;[0;39m&amp#27;[36mkafka.server.ControllerServer           &amp#27;[0;39m &amp#27;[2m:&amp#27;[0;39m [ControllerServer id=0] Finished waiting for all of the authorizer futures to be completed
&amp#27;[2m2025-08-15T21:33:15.258+05:30&amp#27;[0;39m &amp#27;[32m INFO&amp#27;[0;39m &amp#27;[35m4750&amp#27;[0;39m &amp#27;[2m---&amp#27;[0;39m &amp#27;[2m[r-event-handler]&amp#27;[0;39m &amp#27;[2m&amp#27;[0;39m&amp#27;[36mo.a.kafka.image.loader.MetadataLoader   &amp#27;[0;39m &amp#27;[2m:&amp#27;[0;39m [MetadataLoader id=0] InitializeNewPublishers: initializing FeaturesPublisher with a snapshot at offset 0
&amp#27;[2m2025-08-15T21:33:15.258+05:30&amp#27;[0;39m &amp#27;[32m INFO&amp#27;[0;39m &amp#27;[35m4750&amp#27;[0;39m &amp#27;[2m---&amp#27;[0;39m &amp#27;[2m[-kit-executor-2]&amp#27;[0;39m &amp#27;[2m&amp#27;[0;39m&amp#27;[36mkafka.server.ControllerServer           &amp#27;[0;39m &amp#27;[2m:&amp#27;[0;39m [ControllerServer id=0] Waiting for all of the SocketServer Acceptors to be started
&amp#27;[2m2025-08-15T21:33:15.258+05:30&amp#27;[0;39m &amp#27;[32m INFO&amp#27;[0;39m &amp#27;[35m4750&amp#27;[0;39m &amp#27;[2m---&amp#27;[0;39m &amp#27;[2m[r-event-handler]&amp#27;[0;39m &amp#27;[2m&amp#27;[0;39m&amp#27;[36mo.a.kafka.image.loader.MetadataLoader   &amp#27;[0;39m &amp#27;[2m:&amp#27;[0;39m [MetadataLoader id=0] InitializeNewPublishers: initializing DynamicConfigPublisher controller id=0 with a snapshot at offset 0
&amp#27;[2m2025-08-15T21:33:15.258+05:30&amp#27;[0;39m &amp#27;[32m INFO&amp#27;[0;39m &amp#27;[35m4750&amp#27;[0;39m &amp#27;[2m---&amp#27;[0;39m &amp#27;[2m[-kit-executor-2]&amp#27;[0;39m &amp#27;[2m&amp#27;[0;39m&amp#27;[36mkafka.server.ControllerServer           &amp#27;[0;39m &amp#27;[2m:&amp#27;[0;39m [ControllerServer id=0] Finished waiting for all of the SocketServer Acceptors to be started
&amp#27;[2m2025-08-15T21:33:15.259+05:30&amp#27;[0;39m &amp#27;[32m INFO&amp#27;[0;39m &amp#27;[35m4750&amp#27;[0;39m &amp#27;[2m---&amp#27;[0;39m &amp#27;[2m[r-event-handler]&amp#27;[0;39m &amp#27;[2m&amp#27;[0;39m&amp#27;[36mo.a.kafka.image.loader.MetadataLoader   &amp#27;[0;39m &amp#27;[2m:&amp#27;[0;39m [MetadataLoader id=0] InitializeNewPublishers: initializing DynamicClientQuotaPublisher controller id=0 with a snapshot at offset 0
&amp#27;[2m2025-08-15T21:33:15.259+05:30&amp#27;[0;39m &amp#27;[32m INFO&amp#27;[0;39m &amp#27;[35m4750&amp#27;[0;39m &amp#27;[2m---&amp#27;[0;39m &amp#27;[2m[r-event-handler]&amp#27;[0;39m &amp#27;[2m&amp#27;[0;39m&amp#27;[36mo.a.kafka.image.loader.MetadataLoader   &amp#27;[0;39m &amp#27;[2m:&amp#27;[0;39m [MetadataLoader id=0] InitializeNewPublishers: initializing ScramPublisher controller id=0 with a snapshot at offset 0
&amp#27;[2m2025-08-15T21:33:15.259+05:30&amp#27;[0;39m &amp#27;[32m INFO&amp#27;[0;39m &amp#27;[35m4750&amp#27;[0;39m &amp#27;[2m---&amp#27;[0;39m &amp#27;[2m[r-event-handler]&amp#27;[0;39m &amp#27;[2m&amp#27;[0;39m&amp#27;[36mo.a.kafka.image.loader.MetadataLoader   &amp#27;[0;39m &amp#27;[2m:&amp#27;[0;39m [MetadataLoader id=0] InitializeNewPublishers: initializing DelegationTokenPublisher controller id=0 with a snapshot at offset 0
&amp#27;[2m2025-08-15T21:33:15.260+05:30&amp#27;[0;39m &amp#27;[32m INFO&amp#27;[0;39m &amp#27;[35m4750&amp#27;[0;39m &amp#27;[2m---&amp#27;[0;39m &amp#27;[2m[r-event-handler]&amp#27;[0;39m &amp#27;[2m&amp#27;[0;39m&amp#27;[36mo.a.kafka.image.loader.MetadataLoader   &amp#27;[0;39m &amp#27;[2m:&amp#27;[0;39m [MetadataLoader id=0] InitializeNewPublishers: initializing ControllerMetadataMetricsPublisher with a snapshot at offset 0
&amp#27;[2m2025-08-15T21:33:15.260+05:30&amp#27;[0;39m &amp#27;[32m INFO&amp#27;[0;39m &amp#27;[35m4750&amp#27;[0;39m &amp#27;[2m---&amp#27;[0;39m &amp#27;[2m[r-event-handler]&amp#27;[0;39m &amp#27;[2m&amp#27;[0;39m&amp#27;[36mo.a.kafka.image.loader.MetadataLoader   &amp#27;[0;39m &amp#27;[2m:&amp#27;[0;39m [MetadataLoader id=0] InitializeNewPublishers: initializing AclPublisher controller id=0 with a snapshot at offset 0
&amp#27;[2m2025-08-15T21:33:15.266+05:30&amp#27;[0;39m &amp#27;[32m INFO&amp#27;[0;39m &amp#27;[35m4750&amp#27;[0;39m &amp#27;[2m---&amp#27;[0;39m &amp#27;[2m[-kit-executor-3]&amp#27;[0;39m &amp#27;[2m&amp#27;[0;39m&amp#27;[36mkafka.network.ConnectionQuotas          &amp#27;[0;39m &amp#27;[2m:&amp#27;[0;39m Updated connection-accept-rate max connection creation rate to 2147483647
&amp#27;[2m2025-08-15T21:33:15.267+05:30&amp#27;[0;39m &amp#27;[32m INFO&amp#27;[0;39m &amp#27;[35m4750&amp#27;[0;39m &amp#27;[2m---&amp#27;[0;39m &amp#27;[2m[-kit-executor-3]&amp#27;[0;39m &amp#27;[2m&amp#27;[0;39m&amp#27;[36mkafka.network.DataPlaneAcceptor         &amp#27;[0;39m &amp#27;[2m:&amp#27;[0;39m Awaiting socket connections on localhost:54128.
&amp#27;[2m2025-08-15T21:33:15.267+05:30&amp#27;[0;39m &amp#27;[32m INFO&amp#27;[0;39m &amp#27;[35m4750&amp#27;[0;39m &amp#27;[2m---&amp#27;[0;39m &amp#27;[2m[-kit-executor-3]&amp#27;[0;39m &amp#27;[2m&amp#27;[0;39m&amp#27;[36mkafka.network.DataPlaneAcceptor         &amp#27;[0;39m &amp#27;[2m:&amp#27;[0;39m Opened wildcard endpoint localhost:54128
&amp#27;[2m2025-08-15T21:33:15.271+05:30&amp#27;[0;39m &amp#27;[32m INFO&amp#27;[0;39m &amp#27;[35m4750&amp#27;[0;39m &amp#27;[2m---&amp#27;[0;39m &amp#27;[2m[-kit-executor-3]&amp#27;[0;39m &amp#27;[2m&amp#27;[0;39m&amp#27;[36mkafka.network.SocketServer              &amp#27;[0;39m &amp#27;[2m:&amp#27;[0;39m [SocketServer listenerType=BROKER, nodeId=0] Created data-plane acceptor and processors for endpoint : ListenerName(EXTERNAL)
&amp#27;[2m2025-08-15T21:33:15.273+05:30&amp#27;[0;39m &amp#27;[32m INFO&amp#27;[0;39m &amp#27;[35m4750&amp#27;[0;39m &amp#27;[2m---&amp#27;[0;39m &amp#27;[2m[channel-manager]&amp#27;[0;39m &amp#27;[2m&amp#27;[0;39m&amp#27;[36mk.s.BrokerToControllerRequestThread     &amp#27;[0;39m &amp#27;[2m:&amp#27;[0;39m [broker-0-to-controller-alter-partition-channel-manager]: Starting
&amp#27;[2m2025-08-15T21:33:15.273+05:30&amp#27;[0;39m &amp#27;[32m INFO&amp#27;[0;39m &amp#27;[35m4750&amp#27;[0;39m &amp#27;[2m---&amp#27;[0;39m &amp#27;[2m[channel-manager]&amp#27;[0;39m &amp#27;[2m&amp#27;[0;39m&amp#27;[36mk.s.BrokerToControllerRequestThread     &amp#27;[0;39m &amp#27;[2m:&amp#27;[0;39m [broker-0-to-controller-alter-partition-channel-manager]: Recorded new controller, from now on will use node localhost:54127 (id: 0 rack: null)
&amp#27;[2m2025-08-15T21:33:15.280+05:30&amp#27;[0;39m &amp#27;[32m INFO&amp#27;[0;39m &amp#27;[35m4750&amp#27;[0;39m &amp#27;[2m---&amp#27;[0;39m &amp#27;[2m[eaper-0-Produce]&amp#27;[0;39m &amp#27;[2m&amp#27;[0;39m&amp#27;[36mperationPurgatory$ExpiredOperationReaper&amp#27;[0;39m &amp#27;[2m:&amp#27;[0;39m [ExpirationReaper-0-Produce]: Starting
&amp#27;[2m2025-08-15T21:33:15.280+05:30&amp#27;[0;39m &amp#27;[32m INFO&amp#27;[0;39m &amp#27;[35m4750&amp#27;[0;39m &amp#27;[2m---&amp#27;[0;39m &amp#27;[2m[nReaper-0-Fetch]&amp#27;[0;39m &amp#27;[2m&amp#27;[0;39m&amp#27;[36mperationPurgatory$ExpiredOperationReaper&amp#27;[0;39m &amp#27;[2m:&amp#27;[0;39m [ExpirationReaper-0-Fetch]: Starting
&amp#27;[2m2025-08-15T21:33:15.280+05:30&amp#27;[0;39m &amp#27;[32m INFO&amp#27;[0;39m &amp#27;[35m4750&amp#27;[0;39m &amp#27;[2m---&amp#27;[0;39m &amp#27;[2m[0-DeleteRecords]&amp#27;[0;39m &amp#27;[2m&amp#27;[0;39m&amp#27;[36mperationPurgatory$ExpiredOperationReaper&amp#27;[0;39m &amp#27;[2m:&amp#27;[0;39m [ExpirationReaper-0-DeleteRecords]: Starting
&amp#27;[2m2025-08-15T21:33:15.280+05:30&amp#27;[0;39m &amp#27;[32m INFO&amp#27;[0;39m &amp#27;[35m4750&amp#27;[0;39m &amp#27;[2m---&amp#27;[0;39m &amp#27;[2m[r-0-ElectLeader]&amp#27;[0;39m &amp#27;[2m&amp#27;[0;39m&amp#27;[36mperationPurgatory$ExpiredOperationReaper&amp#27;[0;39m &amp#27;[2m:&amp#27;[0;39m [ExpirationReaper-0-ElectLeader]: Starting
&amp#27;[2m2025-08-15T21:33:15.281+05:30&amp#27;[0;39m &amp#27;[32m INFO&amp#27;[0;39m &amp#27;[35m4750&amp#27;[0;39m &amp#27;[2m---&amp#27;[0;39m &amp#27;[2m[r-0-RemoteFetch]&amp#27;[0;39m &amp#27;[2m&amp#27;[0;39m&amp#27;[36mperationPurgatory$ExpiredOperationReaper&amp#27;[0;39m &amp#27;[2m:&amp#27;[0;39m [ExpirationReaper-0-RemoteFetch]: Starting
&amp#27;[2m2025-08-15T21:33:15.287+05:30&amp#27;[0;39m &amp#27;[32m INFO&amp#27;[0;39m &amp#27;[35m4750&amp#27;[0;39m &amp#27;[2m---&amp#27;[0;39m &amp#27;[2m[per-0-Heartbeat]&amp#27;[0;39m &amp#27;[2m&amp#27;[0;39m&amp#27;[36mperationPurgatory$ExpiredOperationReaper&amp#27;[0;39m &amp#27;[2m:&amp#27;[0;39m [ExpirationReaper-0-Heartbeat]: Starting
&amp#27;[2m2025-08-15T21:33:15.287+05:30&amp#27;[0;39m &amp#27;[32m INFO&amp#27;[0;39m &amp#27;[35m4750&amp#27;[0;39m &amp#27;[2m---&amp#27;[0;39m &amp#27;[2m[per-0-Rebalance]&amp#27;[0;39m &amp#27;[2m&amp#27;[0;39m&amp#27;[36mperationPurgatory$ExpiredOperationReaper&amp#27;[0;39m &amp#27;[2m:&amp#27;[0;39m [ExpirationReaper-0-Rebalance]: Starting
&amp#27;[2m2025-08-15T21:33:15.300+05:30&amp#27;[0;39m &amp#27;[32m INFO&amp#27;[0;39m &amp#27;[35m4750&amp#27;[0;39m &amp#27;[2m---&amp#27;[0;39m &amp#27;[2m[channel-manager]&amp#27;[0;39m &amp#27;[2m&amp#27;[0;39m&amp#27;[36mk.s.BrokerToControllerRequestThread     &amp#27;[0;39m &amp#27;[2m:&amp#27;[0;39m [broker-0-to-controller-heartbeat-channel-manager]: Starting
&amp#27;[2m2025-08-15T21:33:15.300+05:30&amp#27;[0;39m &amp#27;[32m INFO&amp#27;[0;39m &amp#27;[35m4750&amp#27;[0;39m &amp#27;[2m---&amp#27;[0;39m &amp#27;[2m[channel-manager]&amp#27;[0;39m &amp#27;[2m&amp#27;[0;39m&amp#27;[36mk.s.BrokerToControllerRequestThread     &amp#27;[0;39m &amp#27;[2m:&amp#27;[0;39m [broker-0-to-controller-heartbeat-channel-manager]: Recorded new controller, from now on will use node localhost:54127 (id: 0 rack: null)
&amp#27;[2m2025-08-15T21:33:15.302+05:30&amp#27;[0;39m &amp#27;[32m INFO&amp#27;[0;39m &amp#27;[35m4750&amp#27;[0;39m &amp#27;[2m---&amp#27;[0;39m &amp#27;[2m[r-event-handler]&amp#27;[0;39m &amp#27;[2m&amp#27;[0;39m&amp#27;[36mkafka.server.BrokerLifecycleManager     &amp#27;[0;39m &amp#27;[2m:&amp#27;[0;39m [BrokerLifecycleManager id=0] Incarnation _96dRZsBQa6KDIiMziojbg of broker 0 in cluster 13-hd41rSTOrrzXq3azDuQ is now STARTING.
&amp#27;[2m2025-08-15T21:33:15.309+05:30&amp#27;[0;39m &amp#27;[32m INFO&amp#27;[0;39m &amp#27;[35m4750&amp#27;[0;39m &amp#27;[2m---&amp#27;[0;39m &amp#27;[2m[per-0-AlterAcls]&amp#27;[0;39m &amp#27;[2m&amp#27;[0;39m&amp#27;[36mperationPurgatory$ExpiredOperationReaper&amp#27;[0;39m &amp#27;[2m:&amp#27;[0;39m [ExpirationReaper-0-AlterAcls]: Starting
&amp#27;[2m2025-08-15T21:33:15.318+05:30&amp#27;[0;39m &amp#27;[32m INFO&amp#27;[0;39m &amp#27;[35m4750&amp#27;[0;39m &amp#27;[2m---&amp#27;[0;39m &amp#27;[2m[-kit-executor-3]&amp#27;[0;39m &amp#27;[2m&amp#27;[0;39m&amp#27;[36mkafka.server.BrokerServer               &amp#27;[0;39m &amp#27;[2m:&amp#27;[0;39m [BrokerServer id=0] Waiting for the broker metadata publishers to be installed
&amp#27;[2m2025-08-15T21:33:15.318+05:30&amp#27;[0;39m &amp#27;[32m INFO&amp#27;[0;39m &amp#27;[35m4750&amp#27;[0;39m &amp#27;[2m---&amp#27;[0;39m &amp#27;[2m[-kit-executor-3]&amp#27;[0;39m &amp#27;[2m&amp#27;[0;39m&amp#27;[36mkafka.server.BrokerServer               &amp#27;[0;39m &amp#27;[2m:&amp#27;[0;39m [BrokerServer id=0] Finished waiting for the broker metadata publishers to be installed
&amp#27;[2m2025-08-15T21:33:15.318+05:30&amp#27;[0;39m &amp#27;[32m INFO&amp#27;[0;39m &amp#27;[35m4750&amp#27;[0;39m &amp#27;[2m---&amp#27;[0;39m &amp#27;[2m[-kit-executor-3]&amp#27;[0;39m &amp#27;[2m&amp#27;[0;39m&amp#27;[36mkafka.server.BrokerServer               &amp#27;[0;39m &amp#27;[2m:&amp#27;[0;39m [BrokerServer id=0] Waiting for the controller to acknowledge that we are caught up
&amp#27;[2m2025-08-15T21:33:15.319+05:30&amp#27;[0;39m &amp#27;[32m INFO&amp#27;[0;39m &amp#27;[35m4750&amp#27;[0;39m &amp#27;[2m---&amp#27;[0;39m &amp#27;[2m[r-event-handler]&amp#27;[0;39m &amp#27;[2m&amp#27;[0;39m&amp#27;[36mo.a.kafka.image.loader.MetadataLoader   &amp#27;[0;39m &amp#27;[2m:&amp#27;[0;39m [MetadataLoader id=0] InitializeNewPublishers: initializing BrokerMetadataPublisher with a snapshot at offset 4
&amp#27;[2m2025-08-15T21:33:15.319+05:30&amp#27;[0;39m &amp#27;[32m INFO&amp#27;[0;39m &amp#27;[35m4750&amp#27;[0;39m &amp#27;[2m---&amp#27;[0;39m &amp#27;[2m[r-event-handler]&amp#27;[0;39m &amp#27;[2m&amp#27;[0;39m&amp#27;[36mk.s.metadata.BrokerMetadataPublisher    &amp#27;[0;39m &amp#27;[2m:&amp#27;[0;39m [BrokerMetadataPublisher id=0] Publishing initial metadata at offset OffsetAndEpoch(offset=4, epoch=1) with metadata.version 3.6-IV2.
&amp#27;[2m2025-08-15T21:33:15.319+05:30&amp#27;[0;39m &amp#27;[32m INFO&amp#27;[0;39m &amp#27;[35m4750&amp#27;[0;39m &amp#27;[2m---&amp#27;[0;39m &amp#27;[2m[r-event-handler]&amp#27;[0;39m &amp#27;[2m&amp#27;[0;39m&amp#27;[36mkafka.log.LogManager                    &amp#27;[0;39m &amp#27;[2m:&amp#27;[0;39m Loading logs from log dirs ArraySeq(/var/folders/yt/8yxf8rd12tscf0qk7fmq7n_m0000gn/T/kafka-14683256353376918148/broker_0_data0)
&amp#27;[2m2025-08-15T21:33:15.321+05:30&amp#27;[0;39m &amp#27;[32m INFO&amp#27;[0;39m &amp#27;[35m4750&amp#27;[0;39m &amp#27;[2m---&amp#27;[0;39m &amp#27;[2m[r-event-handler]&amp#27;[0;39m &amp#27;[2m&amp#27;[0;39m&amp#27;[36mkafka.log.LogManager                    &amp#27;[0;39m &amp#27;[2m:&amp#27;[0;39m No logs found to be loaded in /var/folders/yt/8yxf8rd12tscf0qk7fmq7n_m0000gn/T/kafka-14683256353376918148/broker_0_data0
&amp#27;[2m2025-08-15T21:33:15.323+05:30&amp#27;[0;39m &amp#27;[32m INFO&amp#27;[0;39m &amp#27;[35m4750&amp#27;[0;39m &amp#27;[2m---&amp#27;[0;39m &amp#27;[2m[r-event-handler]&amp#27;[0;39m &amp#27;[2m&amp#27;[0;39m&amp#27;[36mkafka.log.LogManager                    &amp#27;[0;39m &amp#27;[2m:&amp#27;[0;39m Loaded 0 logs in 3ms
&amp#27;[2m2025-08-15T21:33:15.323+05:30&amp#27;[0;39m &amp#27;[32m INFO&amp#27;[0;39m &amp#27;[35m4750&amp#27;[0;39m &amp#27;[2m---&amp#27;[0;39m &amp#27;[2m[r-event-handler]&amp#27;[0;39m &amp#27;[2m&amp#27;[0;39m&amp#27;[36mkafka.log.LogManager                    &amp#27;[0;39m &amp#27;[2m:&amp#27;[0;39m Starting log cleanup with a period of 300000 ms.
&amp#27;[2m2025-08-15T21:33:15.323+05:30&amp#27;[0;39m &amp#27;[32m INFO&amp#27;[0;39m &amp#27;[35m4750&amp#27;[0;39m &amp#27;[2m---&amp#27;[0;39m &amp#27;[2m[r-event-handler]&amp#27;[0;39m &amp#27;[2m&amp#27;[0;39m&amp#27;[36mkafka.log.LogManager                    &amp#27;[0;39m &amp#27;[2m:&amp#27;[0;39m Starting log flusher with a default period of 9223372036854775807 ms.
&amp#27;[2m2025-08-15T21:33:15.327+05:30&amp#27;[0;39m &amp#27;[32m INFO&amp#27;[0;39m &amp#27;[35m4750&amp#27;[0;39m &amp#27;[2m---&amp#27;[0;39m &amp#27;[2m[r-event-handler]&amp#27;[0;39m &amp#27;[2m&amp#27;[0;39m&amp#27;[36mkafka.log.LogCleaner                    &amp#27;[0;39m &amp#27;[2m:&amp#27;[0;39m Starting the log cleaner
&amp#27;[2m2025-08-15T21:33:15.327+05:30&amp#27;[0;39m &amp#27;[32m INFO&amp#27;[0;39m &amp#27;[35m4750&amp#27;[0;39m &amp#27;[2m---&amp#27;[0;39m &amp#27;[2m[0-event-handler]&amp#27;[0;39m &amp#27;[2m&amp#27;[0;39m&amp#27;[36mo.a.k.controller.ClusterControlManager  &amp#27;[0;39m &amp#27;[2m:&amp#27;[0;39m [QuorumController id=0] Replayed initial RegisterBrokerRecord for broker 0: RegisterBrokerRecord(brokerId=0, isMigratingZkBroker=false, incarnationId=_96dRZsBQa6KDIiMziojbg, brokerEpoch=5, endPoints=[BrokerEndpoint(name='EXTERNAL', host='localhost', port=54128, securityProtocol=0)], features=[BrokerFeature(name='metadata.version', minSupportedVersion=1, maxSupportedVersion=14)], rack=null, fenced=true, inControlledShutdown=false)
&amp#27;[2m2025-08-15T21:33:15.329+05:30&amp#27;[0;39m &amp#27;[32m INFO&amp#27;[0;39m &amp#27;[35m4750&amp#27;[0;39m &amp#27;[2m---&amp#27;[0;39m &amp#27;[2m[leaner-thread-0]&amp#27;[0;39m &amp#27;[2m&amp#27;[0;39m&amp#27;[36mkafka.log.LogCleaner$CleanerThread      &amp#27;[0;39m &amp#27;[2m:&amp#27;[0;39m [kafka-log-cleaner-thread-0]: Starting
&amp#27;[2m2025-08-15T21:33:15.330+05:30&amp#27;[0;39m &amp#27;[32m INFO&amp#27;[0;39m &amp#27;[35m4750&amp#27;[0;39m &amp#27;[2m---&amp#27;[0;39m &amp#27;[2m[rFailureHandler]&amp#27;[0;39m &amp#27;[2m&amp#27;[0;39m&amp#27;[36mk.s.ReplicaManager$LogDirFailureHandler &amp#27;[0;39m &amp#27;[2m:&amp#27;[0;39m [LogDirFailureHandler]: Starting
&amp#27;[2m2025-08-15T21:33:15.331+05:30&amp#27;[0;39m &amp#27;[32m INFO&amp#27;[0;39m &amp#27;[35m4750&amp#27;[0;39m &amp#27;[2m---&amp#27;[0;39m &amp#27;[2m[nSenderThread-0]&amp#27;[0;39m &amp#27;[2m&amp#27;[0;39m&amp#27;[36mkafka.server.AddPartitionsToTxnManager  &amp#27;[0;39m &amp#27;[2m:&amp#27;[0;39m [AddPartitionsToTxnSenderThread-0]: Starting
&amp#27;[2m2025-08-15T21:33:15.331+05:30&amp#27;[0;39m &amp#27;[32m INFO&amp#27;[0;39m &amp#27;[35m4750&amp#27;[0;39m &amp#27;[2m---&amp#27;[0;39m &amp#27;[2m[r-event-handler]&amp#27;[0;39m &amp#27;[2m&amp#27;[0;39m&amp#27;[36mk.coordinator.group.GroupCoordinator    &amp#27;[0;39m &amp#27;[2m:&amp#27;[0;39m [GroupCoordinator 0]: Starting up.
&amp#27;[2m2025-08-15T21:33:15.331+05:30&amp#27;[0;39m &amp#27;[32m INFO&amp#27;[0;39m &amp#27;[35m4750&amp#27;[0;39m &amp#27;[2m---&amp#27;[0;39m &amp#27;[2m[r-event-handler]&amp#27;[0;39m &amp#27;[2m&amp#27;[0;39m&amp#27;[36mk.coordinator.group.GroupCoordinator    &amp#27;[0;39m &amp#27;[2m:&amp#27;[0;39m [GroupCoordinator 0]: Startup complete.
&amp#27;[2m2025-08-15T21:33:15.332+05:30&amp#27;[0;39m &amp#27;[32m INFO&amp#27;[0;39m &amp#27;[35m4750&amp#27;[0;39m &amp#27;[2m---&amp#27;[0;39m &amp#27;[2m[r-event-handler]&amp#27;[0;39m &amp#27;[2m&amp#27;[0;39m&amp#27;[36mk.c.transaction.TransactionCoordinator  &amp#27;[0;39m &amp#27;[2m:&amp#27;[0;39m [TransactionCoordinator id=0] Starting up.
&amp#27;[2m2025-08-15T21:33:15.332+05:30&amp#27;[0;39m &amp#27;[32m INFO&amp#27;[0;39m &amp#27;[35m4750&amp#27;[0;39m &amp#27;[2m---&amp#27;[0;39m &amp#27;[2m[rSenderThread-0]&amp#27;[0;39m &amp#27;[2m&amp#27;[0;39m&amp#27;[36mk.c.t.TransactionMarkerChannelManager   &amp#27;[0;39m &amp#27;[2m:&amp#27;[0;39m [TxnMarkerSenderThread-0]: Starting
&amp#27;[2m2025-08-15T21:33:15.332+05:30&amp#27;[0;39m &amp#27;[32m INFO&amp#27;[0;39m &amp#27;[35m4750&amp#27;[0;39m &amp#27;[2m---&amp#27;[0;39m &amp#27;[2m[r-event-handler]&amp#27;[0;39m &amp#27;[2m&amp#27;[0;39m&amp#27;[36mk.c.transaction.TransactionCoordinator  &amp#27;[0;39m &amp#27;[2m:&amp#27;[0;39m [TransactionCoordinator id=0] Startup complete.
&amp#27;[2m2025-08-15T21:33:15.332+05:30&amp#27;[0;39m &amp#27;[32m INFO&amp#27;[0;39m &amp#27;[35m4750&amp#27;[0;39m &amp#27;[2m---&amp#27;[0;39m &amp#27;[2m[r-event-handler]&amp#27;[0;39m &amp#27;[2m&amp#27;[0;39m&amp#27;[36mk.s.metadata.BrokerMetadataPublisher    &amp#27;[0;39m &amp#27;[2m:&amp#27;[0;39m [BrokerMetadataPublisher id=0] Updating metadata.version to 14 at offset OffsetAndEpoch(offset=4, epoch=1).
&amp#27;[2m2025-08-15T21:33:15.357+05:30&amp#27;[0;39m &amp#27;[32m INFO&amp#27;[0;39m &amp#27;[35m4750&amp#27;[0;39m &amp#27;[2m---&amp#27;[0;39m &amp#27;[2m[channel-manager]&amp#27;[0;39m &amp#27;[2m&amp#27;[0;39m&amp#27;[36mkafka.server.BrokerLifecycleManager     &amp#27;[0;39m &amp#27;[2m:&amp#27;[0;39m [BrokerLifecycleManager id=0] Successfully registered broker 0 with broker epoch 5
&amp#27;[2m2025-08-15T21:33:15.359+05:30&amp#27;[0;39m &amp#27;[32m INFO&amp#27;[0;39m &amp#27;[35m4750&amp#27;[0;39m &amp#27;[2m---&amp#27;[0;39m &amp#27;[2m[channel-manager]&amp#27;[0;39m &amp#27;[2m&amp#27;[0;39m&amp#27;[36mkafka.server.BrokerLifecycleManager     &amp#27;[0;39m &amp#27;[2m:&amp#27;[0;39m [BrokerLifecycleManager id=0] The broker has caught up. Transitioning from STARTING to RECOVERY.
&amp#27;[2m2025-08-15T21:33:15.359+05:30&amp#27;[0;39m &amp#27;[32m INFO&amp#27;[0;39m &amp#27;[35m4750&amp#27;[0;39m &amp#27;[2m---&amp#27;[0;39m &amp#27;[2m[-kit-executor-3]&amp#27;[0;39m &amp#27;[2m&amp#27;[0;39m&amp#27;[36mkafka.server.BrokerServer               &amp#27;[0;39m &amp#27;[2m:&amp#27;[0;39m [BrokerServer id=0] Finished waiting for the controller to acknowledge that we are caught up
&amp#27;[2m2025-08-15T21:33:15.359+05:30&amp#27;[0;39m &amp#27;[32m INFO&amp#27;[0;39m &amp#27;[35m4750&amp#27;[0;39m &amp#27;[2m---&amp#27;[0;39m &amp#27;[2m[-kit-executor-3]&amp#27;[0;39m &amp#27;[2m&amp#27;[0;39m&amp#27;[36mkafka.server.BrokerServer               &amp#27;[0;39m &amp#27;[2m:&amp#27;[0;39m [BrokerServer id=0] Waiting for the initial broker metadata update to be published
&amp#27;[2m2025-08-15T21:33:15.359+05:30&amp#27;[0;39m &amp#27;[32m INFO&amp#27;[0;39m &amp#27;[35m4750&amp#27;[0;39m &amp#27;[2m---&amp#27;[0;39m &amp#27;[2m[-kit-executor-3]&amp#27;[0;39m &amp#27;[2m&amp#27;[0;39m&amp#27;[36mkafka.server.BrokerServer               &amp#27;[0;39m &amp#27;[2m:&amp#27;[0;39m [BrokerServer id=0] Finished waiting for the initial broker metadata update to be published
&amp#27;[2m2025-08-15T21:33:15.360+05:30&amp#27;[0;39m &amp#27;[32m INFO&amp#27;[0;39m &amp#27;[35m4750&amp#27;[0;39m &amp#27;[2m---&amp#27;[0;39m &amp#27;[2m[-kit-executor-3]&amp#27;[0;39m &amp#27;[2m&amp#27;[0;39m&amp#27;[36mkafka.server.KafkaConfig                &amp#27;[0;39m &amp#27;[2m:&amp#27;[0;39m KafkaConfig values: 
	advertised.listeners = null
	alter.config.policy.class.name = null
	alter.log.dirs.replication.quota.window.num = 11
	alter.log.dirs.replication.quota.window.size.seconds = 1
	authorizer.class.name = 
	auto.create.topics.enable = true
	auto.include.jmx.reporter = true
	auto.leader.rebalance.enable = true
	background.threads = 10
	broker.heartbeat.interval.ms = 2000
	broker.id = 0
	broker.id.generation.enable = true
	broker.rack = null
	broker.session.timeout.ms = 9000
	client.quota.callback.class = null
	compression.type = producer
	connection.failed.authentication.delay.ms = 100
	connections.max.idle.ms = 600000
	connections.max.reauth.ms = 0
	control.plane.listener.name = null
	controlled.shutdown.enable = true
	controlled.shutdown.max.retries = 3
	controlled.shutdown.retry.backoff.ms = 5000
	controller.listener.names = CONTROLLER
	controller.quorum.append.linger.ms = 25
	controller.quorum.election.backoff.max.ms = 1000
	controller.quorum.election.timeout.ms = 1000
	controller.quorum.fetch.timeout.ms = 2000
	controller.quorum.request.timeout.ms = 2000
	controller.quorum.retry.backoff.ms = 20
	controller.quorum.voters = [0@0.0.0.0:0]
	controller.quota.window.num = 11
	controller.quota.window.size.seconds = 1
	controller.socket.timeout.ms = 30000
	create.topic.policy.class.name = null
	default.replication.factor = 1
	delegation.token.expiry.check.interval.ms = 3600000
	delegation.token.expiry.time.ms = 86400000
	delegation.token.master.key = null
	delegation.token.max.lifetime.ms = 604800000
	delegation.token.secret.key = null
	delete.records.purgatory.purge.interval.requests = 1
	delete.topic.enable = true
	early.start.listeners = null
	fetch.max.bytes = 57671680
	fetch.purgatory.purge.interval.requests = 1000
	group.consumer.assignors = [org.apache.kafka.coordinator.group.assignor.RangeAssignor]
	group.consumer.heartbeat.interval.ms = 5000
	group.consumer.max.heartbeat.interval.ms = 15000
	group.consumer.max.session.timeout.ms = 60000
	group.consumer.max.size = 2147483647
	group.consumer.min.heartbeat.interval.ms = 5000
	group.consumer.min.session.timeout.ms = 45000
	group.consumer.session.timeout.ms = 45000
	group.coordinator.new.enable = false
	group.coordinator.threads = 1
	group.initial.rebalance.delay.ms = 0
	group.max.session.timeout.ms = 1800000
	group.max.size = 2147483647
	group.min.session.timeout.ms = 6000
	initial.broker.registration.timeout.ms = 60000
	inter.broker.listener.name = EXTERNAL
	inter.broker.protocol.version = 3.6-IV2
	kafka.metrics.polling.interval.secs = 10
	kafka.metrics.reporters = []
	leader.imbalance.check.interval.seconds = 300
	leader.imbalance.per.broker.percentage = 10
	listener.security.protocol.map = EXTERNAL:PLAINTEXT,CONTROLLER:PLAINTEXT
	listeners = EXTERNAL://localhost:0,CONTROLLER://localhost:0
	log.cleaner.backoff.ms = 15000
	log.cleaner.dedupe.buffer.size = 2097152
	log.cleaner.delete.retention.ms = 86400000
	log.cleaner.enable = true
	log.cleaner.io.buffer.load.factor = 0.9
	log.cleaner.io.buffer.size = 524288
	log.cleaner.io.max.bytes.per.second = 1.7976931348623157E308
	log.cleaner.max.compaction.lag.ms = 9223372036854775807
	log.cleaner.min.cleanable.ratio = 0.5
	log.cleaner.min.compaction.lag.ms = 0
	log.cleaner.threads = 1
	log.cleanup.policy = [delete]
	log.dir = /tmp/kafka-logs
	log.dirs = /var/folders/yt/8yxf8rd12tscf0qk7fmq7n_m0000gn/T/kafka-14683256353376918148/broker_0_data0
	log.flush.interval.messages = 9223372036854775807
	log.flush.interval.ms = null
	log.flush.offset.checkpoint.interval.ms = 60000
	log.flush.scheduler.interval.ms = 9223372036854775807
	log.flush.start.offset.checkpoint.interval.ms = 60000
	log.index.interval.bytes = 4096
	log.index.size.max.bytes = 10485760
	log.local.retention.bytes = -2
	log.local.retention.ms = -2
	log.message.downconversion.enable = true
	log.message.format.version = 3.0-IV1
	log.message.timestamp.after.max.ms = 9223372036854775807
	log.message.timestamp.before.max.ms = 9223372036854775807
	log.message.timestamp.difference.max.ms = 9223372036854775807
	log.message.timestamp.type = CreateTime
	log.preallocate = false
	log.retention.bytes = -1
	log.retention.check.interval.ms = 300000
	log.retention.hours = 168
	log.retention.minutes = null
	log.retention.ms = null
	log.roll.hours = 168
	log.roll.jitter.hours = 0
	log.roll.jitter.ms = null
	log.roll.ms = null
	log.segment.bytes = 1073741824
	log.segment.delete.delay.ms = 60000
	max.connection.creation.rate = 2147483647
	max.connections = 2147483647
	max.connections.per.ip = 2147483647
	max.connections.per.ip.overrides = 
	max.incremental.fetch.session.cache.slots = 1000
	message.max.bytes = 1048588
	metadata.log.dir = /var/folders/yt/8yxf8rd12tscf0qk7fmq7n_m0000gn/T/kafka-14683256353376918148/controller_0
	metadata.log.max.record.bytes.between.snapshots = 20971520
	metadata.log.max.snapshot.interval.ms = 3600000
	metadata.log.segment.bytes = 1073741824
	metadata.log.segment.min.bytes = 8388608
	metadata.log.segment.ms = 604800000
	metadata.max.idle.interval.ms = 500
	metadata.max.retention.bytes = 104857600
	metadata.max.retention.ms = 604800000
	metric.reporters = []
	metrics.num.samples = 2
	metrics.recording.level = INFO
	metrics.sample.window.ms = 30000
	min.insync.replicas = 1
	node.id = 0
	num.io.threads = 8
	num.network.threads = 3
	num.partitions = 1
	num.recovery.threads.per.data.dir = 1
	num.replica.alter.log.dirs.threads = null
	num.replica.fetchers = 1
	offset.metadata.max.bytes = 4096
	offsets.commit.required.acks = -1
	offsets.commit.timeout.ms = 5000
	offsets.load.buffer.size = 5242880
	offsets.retention.check.interval.ms = 600000
	offsets.retention.minutes = 10080
	offsets.topic.compression.codec = 0
	offsets.topic.num.partitions = 50
	offsets.topic.replication.factor = 1
	offsets.topic.segment.bytes = 104857600
	password.encoder.cipher.algorithm = AES/CBC/PKCS5Padding
	password.encoder.iterations = 4096
	password.encoder.key.length = 128
	password.encoder.keyfactory.algorithm = null
	password.encoder.old.secret = null
	password.encoder.secret = null
	principal.builder.class = class org.apache.kafka.common.security.authenticator.DefaultKafkaPrincipalBuilder
	process.roles = [broker, controller]
	producer.id.expiration.check.interval.ms = 600000
	producer.id.expiration.ms = 86400000
	producer.purgatory.purge.interval.requests = 1000
	queued.max.request.bytes = -1
	queued.max.requests = 500
	quota.window.num = 11
	quota.window.size.seconds = 1
	remote.log.index.file.cache.total.size.bytes = 1073741824
	remote.log.manager.task.interval.ms = 30000
	remote.log.manager.task.retry.backoff.max.ms = 30000
	remote.log.manager.task.retry.backoff.ms = 500
	remote.log.manager.task.retry.jitter = 0.2
	remote.log.manager.thread.pool.size = 10
	remote.log.metadata.custom.metadata.max.bytes = 128
	remote.log.metadata.manager.class.name = org.apache.kafka.server.log.remote.metadata.storage.TopicBasedRemoteLogMetadataManager
	remote.log.metadata.manager.class.path = null
	remote.log.metadata.manager.impl.prefix = rlmm.config.
	remote.log.metadata.manager.listener.name = null
	remote.log.reader.max.pending.tasks = 100
	remote.log.reader.threads = 10
	remote.log.storage.manager.class.name = null
	remote.log.storage.manager.class.path = null
	remote.log.storage.manager.impl.prefix = rsm.config.
	remote.log.storage.system.enable = false
	replica.fetch.backoff.ms = 1000
	replica.fetch.max.bytes = 1048576
	replica.fetch.min.bytes = 1
	replica.fetch.response.max.bytes = 10485760
	replica.fetch.wait.max.ms = 500
	replica.high.watermark.checkpoint.interval.ms = 5000
	replica.lag.time.max.ms = 30000
	replica.selector.class = null
	replica.socket.receive.buffer.bytes = 65536
	replica.socket.timeout.ms = 30000
	replication.quota.window.num = 11
	replication.quota.window.size.seconds = 1
	request.timeout.ms = 30000
	reserved.broker.max.id = 1000
	sasl.client.callback.handler.class = null
	sasl.enabled.mechanisms = [GSSAPI]
	sasl.jaas.config = null
	sasl.kerberos.kinit.cmd = /usr/bin/kinit
	sasl.kerberos.min.time.before.relogin = 60000
	sasl.kerberos.principal.to.local.rules = [DEFAULT]
	sasl.kerberos.service.name = null
	sasl.kerberos.ticket.renew.jitter = 0.05
	sasl.kerberos.ticket.renew.window.factor = 0.8
	sasl.login.callback.handler.class = null
	sasl.login.class = null
	sasl.login.connect.timeout.ms = null
	sasl.login.read.timeout.ms = null
	sasl.login.refresh.buffer.seconds = 300
	sasl.login.refresh.min.period.seconds = 60
	sasl.login.refresh.window.factor = 0.8
	sasl.login.refresh.window.jitter = 0.05
	sasl.login.retry.backoff.max.ms = 10000
	sasl.login.retry.backoff.ms = 100
	sasl.mechanism.controller.protocol = GSSAPI
	sasl.mechanism.inter.broker.protocol = GSSAPI
	sasl.oauthbearer.clock.skew.seconds = 30
	sasl.oauthbearer.expected.audience = null
	sasl.oauthbearer.expected.issuer = null
	sasl.oauthbearer.jwks.endpoint.refresh.ms = 3600000
	sasl.oauthbearer.jwks.endpoint.retry.backoff.max.ms = 10000
	sasl.oauthbearer.jwks.endpoint.retry.backoff.ms = 100
	sasl.oauthbearer.jwks.endpoint.url = null
	sasl.oauthbearer.scope.claim.name = scope
	sasl.oauthbearer.sub.claim.name = sub
	sasl.oauthbearer.token.endpoint.url = null
	sasl.server.callback.handler.class = null
	sasl.server.max.receive.size = 524288
	security.inter.broker.protocol = PLAINTEXT
	security.providers = null
	server.max.startup.time.ms = 600000
	socket.connection.setup.timeout.max.ms = 30000
	socket.connection.setup.timeout.ms = 10000
	socket.listen.backlog.size = 50
	socket.receive.buffer.bytes = 102400
	socket.request.max.bytes = 104857600
	socket.send.buffer.bytes = 102400
	ssl.cipher.suites = []
	ssl.client.auth = none
	ssl.enabled.protocols = [TLSv1.2, TLSv1.3]
	ssl.endpoint.identification.algorithm = https
	ssl.engine.factory.class = null
	ssl.key.password = null
	ssl.keymanager.algorithm = SunX509
	ssl.keystore.certificate.chain = null
	ssl.keystore.key = null
	ssl.keystore.location = null
	ssl.keystore.password = null
	ssl.keystore.type = JKS
	ssl.principal.mapping.rules = DEFAULT
	ssl.protocol = TLSv1.3
	ssl.provider = null
	ssl.secure.random.implementation = null
	ssl.trustmanager.algorithm = PKIX
	ssl.truststore.certificates = null
	ssl.truststore.location = null
	ssl.truststore.password = null
	ssl.truststore.type = JKS
	transaction.abort.timed.out.transaction.cleanup.interval.ms = 10000
	transaction.max.timeout.ms = 900000
	transaction.partition.verification.enable = true
	transaction.remove.expired.transaction.cleanup.interval.ms = 3600000
	transaction.state.log.load.buffer.size = 5242880
	transaction.state.log.min.isr = 2
	transaction.state.log.num.partitions = 50
	transaction.state.log.replication.factor = 3
	transaction.state.log.segment.bytes = 104857600
	transactional.id.expiration.ms = 604800000
	unclean.leader.election.enable = false
	unstable.api.versions.enable = false
	zookeeper.clientCnxnSocket = null
	zookeeper.connect = null
	zookeeper.connection.timeout.ms = null
	zookeeper.max.in.flight.requests = 10
	zookeeper.metadata.migration.enable = false
	zookeeper.metadata.migration.min.batch.size = 200
	zookeeper.session.timeout.ms = 18000
	zookeeper.set.acl = false
	zookeeper.ssl.cipher.suites = null
	zookeeper.ssl.client.enable = false
	zookeeper.ssl.crl.enable = false
	zookeeper.ssl.enabled.protocols = null
	zookeeper.ssl.endpoint.identification.algorithm = HTTPS
	zookeeper.ssl.keystore.location = null
	zookeeper.ssl.keystore.password = null
	zookeeper.ssl.keystore.type = null
	zookeeper.ssl.ocsp.enable = false
	zookeeper.ssl.protocol = TLSv1.2
	zookeeper.ssl.truststore.location = null
	zookeeper.ssl.truststore.password = null
	zookeeper.ssl.truststore.type = null

&amp#27;[2m2025-08-15T21:33:15.362+05:30&amp#27;[0;39m &amp#27;[32m INFO&amp#27;[0;39m &amp#27;[35m4750&amp#27;[0;39m &amp#27;[2m---&amp#27;[0;39m &amp#27;[2m[-kit-executor-3]&amp#27;[0;39m &amp#27;[2m&amp#27;[0;39m&amp#27;[36mkafka.server.BrokerServer               &amp#27;[0;39m &amp#27;[2m:&amp#27;[0;39m [BrokerServer id=0] Waiting for the broker to be unfenced
&amp#27;[2m2025-08-15T21:33:15.363+05:30&amp#27;[0;39m &amp#27;[32m INFO&amp#27;[0;39m &amp#27;[35m4750&amp#27;[0;39m &amp#27;[2m---&amp#27;[0;39m &amp#27;[2m[0-event-handler]&amp#27;[0;39m &amp#27;[2m&amp#27;[0;39m&amp#27;[36mo.a.k.controller.BrokerHeartbeatManager &amp#27;[0;39m &amp#27;[2m:&amp#27;[0;39m [QuorumController id=0] The request from broker 0 to unfence has been granted because it has caught up with the offset of its register broker record 5.
&amp#27;[2m2025-08-15T21:33:15.365+05:30&amp#27;[0;39m &amp#27;[32m INFO&amp#27;[0;39m &amp#27;[35m4750&amp#27;[0;39m &amp#27;[2m---&amp#27;[0;39m &amp#27;[2m[0-event-handler]&amp#27;[0;39m &amp#27;[2m&amp#27;[0;39m&amp#27;[36mo.a.k.controller.ClusterControlManager  &amp#27;[0;39m &amp#27;[2m:&amp#27;[0;39m [QuorumController id=0] Replayed BrokerRegistrationChangeRecord modifying the registration for broker 0: BrokerRegistrationChangeRecord(brokerId=0, brokerEpoch=5, fenced=-1, inControlledShutdown=0)
&amp#27;[2m2025-08-15T21:33:15.391+05:30&amp#27;[0;39m &amp#27;[32m INFO&amp#27;[0;39m &amp#27;[35m4750&amp#27;[0;39m &amp#27;[2m---&amp#27;[0;39m &amp#27;[2m[channel-manager]&amp#27;[0;39m &amp#27;[2m&amp#27;[0;39m&amp#27;[36mkafka.server.BrokerLifecycleManager     &amp#27;[0;39m &amp#27;[2m:&amp#27;[0;39m [BrokerLifecycleManager id=0] The broker has been unfenced. Transitioning from RECOVERY to RUNNING.
&amp#27;[2m2025-08-15T21:33:15.391+05:30&amp#27;[0;39m &amp#27;[32m INFO&amp#27;[0;39m &amp#27;[35m4750&amp#27;[0;39m &amp#27;[2m---&amp#27;[0;39m &amp#27;[2m[-kit-executor-3]&amp#27;[0;39m &amp#27;[2m&amp#27;[0;39m&amp#27;[36mkafka.server.BrokerServer               &amp#27;[0;39m &amp#27;[2m:&amp#27;[0;39m [BrokerServer id=0] Finished waiting for the broker to be unfenced
&amp#27;[2m2025-08-15T21:33:15.391+05:30&amp#27;[0;39m &amp#27;[32m INFO&amp#27;[0;39m &amp#27;[35m4750&amp#27;[0;39m &amp#27;[2m---&amp#27;[0;39m &amp#27;[2m[-kit-executor-3]&amp#27;[0;39m &amp#27;[2m&amp#27;[0;39m&amp#27;[36mo.a.k.s.network.EndpointReadyFutures    &amp#27;[0;39m &amp#27;[2m:&amp#27;[0;39m authorizerStart completed for endpoint EXTERNAL. Endpoint is now READY.
&amp#27;[2m2025-08-15T21:33:15.391+05:30&amp#27;[0;39m &amp#27;[32m INFO&amp#27;[0;39m &amp#27;[35m4750&amp#27;[0;39m &amp#27;[2m---&amp#27;[0;39m &amp#27;[2m[-kit-executor-3]&amp#27;[0;39m &amp#27;[2m&amp#27;[0;39m&amp#27;[36mkafka.network.SocketServer              &amp#27;[0;39m &amp#27;[2m:&amp#27;[0;39m [SocketServer listenerType=BROKER, nodeId=0] Enabling request processing.
&amp#27;[2m2025-08-15T21:33:15.392+05:30&amp#27;[0;39m &amp#27;[32m INFO&amp#27;[0;39m &amp#27;[35m4750&amp#27;[0;39m &amp#27;[2m---&amp#27;[0;39m &amp#27;[2m[-kit-executor-3]&amp#27;[0;39m &amp#27;[2m&amp#27;[0;39m&amp#27;[36mkafka.server.BrokerServer               &amp#27;[0;39m &amp#27;[2m:&amp#27;[0;39m [BrokerServer id=0] Waiting for all of the authorizer futures to be completed
&amp#27;[2m2025-08-15T21:33:15.392+05:30&amp#27;[0;39m &amp#27;[32m INFO&amp#27;[0;39m &amp#27;[35m4750&amp#27;[0;39m &amp#27;[2m---&amp#27;[0;39m &amp#27;[2m[-kit-executor-3]&amp#27;[0;39m &amp#27;[2m&amp#27;[0;39m&amp#27;[36mkafka.server.BrokerServer               &amp#27;[0;39m &amp#27;[2m:&amp#27;[0;39m [BrokerServer id=0] Finished waiting for all of the authorizer futures to be completed
&amp#27;[2m2025-08-15T21:33:15.392+05:30&amp#27;[0;39m &amp#27;[32m INFO&amp#27;[0;39m &amp#27;[35m4750&amp#27;[0;39m &amp#27;[2m---&amp#27;[0;39m &amp#27;[2m[-kit-executor-3]&amp#27;[0;39m &amp#27;[2m&amp#27;[0;39m&amp#27;[36mkafka.server.BrokerServer               &amp#27;[0;39m &amp#27;[2m:&amp#27;[0;39m [BrokerServer id=0] Waiting for all of the SocketServer Acceptors to be started
&amp#27;[2m2025-08-15T21:33:15.392+05:30&amp#27;[0;39m &amp#27;[32m INFO&amp#27;[0;39m &amp#27;[35m4750&amp#27;[0;39m &amp#27;[2m---&amp#27;[0;39m &amp#27;[2m[-kit-executor-3]&amp#27;[0;39m &amp#27;[2m&amp#27;[0;39m&amp#27;[36mkafka.server.BrokerServer               &amp#27;[0;39m &amp#27;[2m:&amp#27;[0;39m [BrokerServer id=0] Finished waiting for all of the SocketServer Acceptors to be started
&amp#27;[2m2025-08-15T21:33:15.392+05:30&amp#27;[0;39m &amp#27;[32m INFO&amp#27;[0;39m &amp#27;[35m4750&amp#27;[0;39m &amp#27;[2m---&amp#27;[0;39m &amp#27;[2m[-kit-executor-3]&amp#27;[0;39m &amp#27;[2m&amp#27;[0;39m&amp#27;[36mkafka.server.BrokerServer               &amp#27;[0;39m &amp#27;[2m:&amp#27;[0;39m [BrokerServer id=0] Transition from STARTING to STARTED
&amp#27;[2m2025-08-15T21:33:15.398+05:30&amp#27;[0;39m &amp#27;[32m INFO&amp#27;[0;39m &amp#27;[35m4750&amp#27;[0;39m &amp#27;[2m---&amp#27;[0;39m &amp#27;[2m[           main]&amp#27;[0;39m &amp#27;[2m&amp#27;[0;39m&amp#27;[36mo.a.k.clients.admin.AdminClientConfig   &amp#27;[0;39m &amp#27;[2m:&amp#27;[0;39m AdminClientConfig values: 
	auto.include.jmx.reporter = true
	bootstrap.servers = [localhost:54128]
	client.dns.lookup = use_all_dns_ips
	client.id = 
	connections.max.idle.ms = 300000
	default.api.timeout.ms = 60000
	metadata.max.age.ms = 300000
	metric.reporters = []
	metrics.num.samples = 2
	metrics.recording.level = INFO
	metrics.sample.window.ms = 30000
	receive.buffer.bytes = 65536
	reconnect.backoff.max.ms = 1000
	reconnect.backoff.ms = 50
	request.timeout.ms = 30000
	retries = 2147483647
	retry.backoff.ms = 100
	sasl.client.callback.handler.class = null
	sasl.jaas.config = null
	sasl.kerberos.kinit.cmd = /usr/bin/kinit
	sasl.kerberos.min.time.before.relogin = 60000
	sasl.kerberos.service.name = null
	sasl.kerberos.ticket.renew.jitter = 0.05
	sasl.kerberos.ticket.renew.window.factor = 0.8
	sasl.login.callback.handler.class = null
	sasl.login.class = null
	sasl.login.connect.timeout.ms = null
	sasl.login.read.timeout.ms = null
	sasl.login.refresh.buffer.seconds = 300
	sasl.login.refresh.min.period.seconds = 60
	sasl.login.refresh.window.factor = 0.8
	sasl.login.refresh.window.jitter = 0.05
	sasl.login.retry.backoff.max.ms = 10000
	sasl.login.retry.backoff.ms = 100
	sasl.mechanism = GSSAPI
	sasl.oauthbearer.clock.skew.seconds = 30
	sasl.oauthbearer.expected.audience = null
	sasl.oauthbearer.expected.issuer = null
	sasl.oauthbearer.jwks.endpoint.refresh.ms = 3600000
	sasl.oauthbearer.jwks.endpoint.retry.backoff.max.ms = 10000
	sasl.oauthbearer.jwks.endpoint.retry.backoff.ms = 100
	sasl.oauthbearer.jwks.endpoint.url = null
	sasl.oauthbearer.scope.claim.name = scope
	sasl.oauthbearer.sub.claim.name = sub
	sasl.oauthbearer.token.endpoint.url = null
	security.protocol = PLAINTEXT
	security.providers = null
	send.buffer.bytes = 131072
	socket.connection.setup.timeout.max.ms = 30000
	socket.connection.setup.timeout.ms = 10000
	ssl.cipher.suites = null
	ssl.enabled.protocols = [TLSv1.2, TLSv1.3]
	ssl.endpoint.identification.algorithm = https
	ssl.engine.factory.class = null
	ssl.key.password = null
	ssl.keymanager.algorithm = SunX509
	ssl.keystore.certificate.chain = null
	ssl.keystore.key = null
	ssl.keystore.location = null
	ssl.keystore.password = null
	ssl.keystore.type = JKS
	ssl.protocol = TLSv1.3
	ssl.provider = null
	ssl.secure.random.implementation = null
	ssl.trustmanager.algorithm = PKIX
	ssl.truststore.certificates = null
	ssl.truststore.location = null
	ssl.truststore.password = null
	ssl.truststore.type = JKS

&amp#27;[2m2025-08-15T21:33:15.407+05:30&amp#27;[0;39m &amp#27;[32m INFO&amp#27;[0;39m &amp#27;[35m4750&amp#27;[0;39m &amp#27;[2m---&amp#27;[0;39m &amp#27;[2m[           main]&amp#27;[0;39m &amp#27;[2m&amp#27;[0;39m&amp#27;[36mo.a.kafka.common.utils.AppInfoParser    &amp#27;[0;39m &amp#27;[2m:&amp#27;[0;39m Kafka version: 3.6.2
&amp#27;[2m2025-08-15T21:33:15.407+05:30&amp#27;[0;39m &amp#27;[32m INFO&amp#27;[0;39m &amp#27;[35m4750&amp#27;[0;39m &amp#27;[2m---&amp#27;[0;39m &amp#27;[2m[           main]&amp#27;[0;39m &amp#27;[2m&amp#27;[0;39m&amp#27;[36mo.a.kafka.common.utils.AppInfoParser    &amp#27;[0;39m &amp#27;[2m:&amp#27;[0;39m Kafka commitId: c4deed513057c94e
&amp#27;[2m2025-08-15T21:33:15.407+05:30&amp#27;[0;39m &amp#27;[32m INFO&amp#27;[0;39m &amp#27;[35m4750&amp#27;[0;39m &amp#27;[2m---&amp#27;[0;39m &amp#27;[2m[           main]&amp#27;[0;39m &amp#27;[2m&amp#27;[0;39m&amp#27;[36mo.a.kafka.common.utils.AppInfoParser    &amp#27;[0;39m &amp#27;[2m:&amp#27;[0;39m Kafka startTimeMs: 1755273795407
&amp#27;[2m2025-08-15T21:33:15.409+05:30&amp#27;[0;39m &amp#27;[32m INFO&amp#27;[0;39m &amp#27;[35m4750&amp#27;[0;39m &amp#27;[2m---&amp#27;[0;39m &amp#27;[2m[| adminclient-1]&amp#27;[0;39m &amp#27;[2m&amp#27;[0;39m&amp#27;[36mo.a.kafka.common.utils.AppInfoParser    &amp#27;[0;39m &amp#27;[2m:&amp#27;[0;39m App info kafka.admin.client for adminclient-1 unregistered
&amp#27;[2m2025-08-15T21:33:15.409+05:30&amp#27;[0;39m &amp#27;[32m INFO&amp#27;[0;39m &amp#27;[35m4750&amp#27;[0;39m &amp#27;[2m---&amp#27;[0;39m &amp#27;[2m[| adminclient-1]&amp#27;[0;39m &amp#27;[2m&amp#27;[0;39m&amp#27;[36mo.a.k.c.a.i.AdminMetadataManager        &amp#27;[0;39m &amp#27;[2m:&amp#27;[0;39m [AdminClient clientId=adminclient-1] Metadata update failed

org.apache.kafka.common.errors.TimeoutException: Timed out waiting to send the call. Call: fetchMetadata

&amp#27;[2m2025-08-15T21:33:15.410+05:30&amp#27;[0;39m &amp#27;[32m INFO&amp#27;[0;39m &amp#27;[35m4750&amp#27;[0;39m &amp#27;[2m---&amp#27;[0;39m &amp#27;[2m[| adminclient-1]&amp#27;[0;39m &amp#27;[2m&amp#27;[0;39m&amp#27;[36mo.a.k.clients.admin.KafkaAdminClient    &amp#27;[0;39m &amp#27;[2m:&amp#27;[0;39m [AdminClient clientId=adminclient-1] Timed out 1 remaining operation(s) during close.
&amp#27;[2m2025-08-15T21:33:15.412+05:30&amp#27;[0;39m &amp#27;[32m INFO&amp#27;[0;39m &amp#27;[35m4750&amp#27;[0;39m &amp#27;[2m---&amp#27;[0;39m &amp#27;[2m[| adminclient-1]&amp#27;[0;39m &amp#27;[2m&amp#27;[0;39m&amp#27;[36mo.apache.kafka.common.metrics.Metrics   &amp#27;[0;39m &amp#27;[2m:&amp#27;[0;39m Metrics scheduler closed
&amp#27;[2m2025-08-15T21:33:15.412+05:30&amp#27;[0;39m &amp#27;[32m INFO&amp#27;[0;39m &amp#27;[35m4750&amp#27;[0;39m &amp#27;[2m---&amp#27;[0;39m &amp#27;[2m[| adminclient-1]&amp#27;[0;39m &amp#27;[2m&amp#27;[0;39m&amp#27;[36mo.apache.kafka.common.metrics.Metrics   &amp#27;[0;39m &amp#27;[2m:&amp#27;[0;39m Closing reporter org.apache.kafka.common.metrics.JmxReporter
&amp#27;[2m2025-08-15T21:33:15.412+05:30&amp#27;[0;39m &amp#27;[32m INFO&amp#27;[0;39m &amp#27;[35m4750&amp#27;[0;39m &amp#27;[2m---&amp#27;[0;39m &amp#27;[2m[| adminclient-1]&amp#27;[0;39m &amp#27;[2m&amp#27;[0;39m&amp#27;[36mo.apache.kafka.common.metrics.Metrics   &amp#27;[0;39m &amp#27;[2m:&amp#27;[0;39m Metrics reporters closed
&amp#27;[2m2025-08-15T21:33:15.416+05:30&amp#27;[0;39m &amp#27;[32m INFO&amp#27;[0;39m &amp#27;[35m4750&amp#27;[0;39m &amp#27;[2m---&amp#27;[0;39m &amp#27;[2m[           main]&amp#27;[0;39m &amp#27;[2m&amp#27;[0;39m&amp#27;[36mcom.jpmc.midascore.TaskFiveTests        &amp#27;[0;39m &amp#27;[2m:&amp#27;[0;39m Starting TaskFiveTests using Java 24.0.2 with PID 4750 (started by amritanshushiwanshi in /Users/amritanshushiwanshi/Desktop/java/forage-midas)
&amp#27;[2m2025-08-15T21:33:15.416+05:30&amp#27;[0;39m &amp#27;[32m INFO&amp#27;[0;39m &amp#27;[35m4750&amp#27;[0;39m &amp#27;[2m---&amp#27;[0;39m &amp#27;[2m[           main]&amp#27;[0;39m &amp#27;[2m&amp#27;[0;39m&amp#27;[36mcom.jpmc.midascore.TaskFiveTests        &amp#27;[0;39m &amp#27;[2m:&amp#27;[0;39m No active profile set, falling back to 1 default profile: "default"
&amp#27;[2m2025-08-15T21:33:15.628+05:30&amp#27;[0;39m &amp#27;[32m INFO&amp#27;[0;39m &amp#27;[35m4750&amp#27;[0;39m &amp#27;[2m---&amp#27;[0;39m &amp#27;[2m[           main]&amp#27;[0;39m &amp#27;[2m&amp#27;[0;39m&amp#27;[36m.s.d.r.c.RepositoryConfigurationDelegate&amp#27;[0;39m &amp#27;[2m:&amp#27;[0;39m Bootstrapping Spring Data JPA repositories in DEFAULT mode.
&amp#27;[2m2025-08-15T21:33:15.653+05:30&amp#27;[0;39m &amp#27;[32m INFO&amp#27;[0;39m &amp#27;[35m4750&amp#27;[0;39m &amp#27;[2m---&amp#27;[0;39m &amp#27;[2m[           main]&amp#27;[0;39m &amp#27;[2m&amp#27;[0;39m&amp#27;[36m.s.d.r.c.RepositoryConfigurationDelegate&amp#27;[0;39m &amp#27;[2m:&amp#27;[0;39m Finished Spring Data repository scanning in 23 ms. Found 2 JPA repository interfaces.
&amp#27;[2m2025-08-15T21:33:15.875+05:30&amp#27;[0;39m &amp#27;[32m INFO&amp#27;[0;39m &amp#27;[35m4750&amp#27;[0;39m &amp#27;[2m---&amp#27;[0;39m &amp#27;[2m[           main]&amp#27;[0;39m &amp#27;[2m&amp#27;[0;39m&amp#27;[36mo.s.b.w.embedded.tomcat.TomcatWebServer &amp#27;[0;39m &amp#27;[2m:&amp#27;[0;39m Tomcat initialized with port 33400 (http)
&amp#27;[2m2025-08-15T21:33:15.879+05:30&amp#27;[0;39m &amp#27;[32m INFO&amp#27;[0;39m &amp#27;[35m4750&amp#27;[0;39m &amp#27;[2m---&amp#27;[0;39m &amp#27;[2m[           main]&amp#27;[0;39m &amp#27;[2m&amp#27;[0;39m&amp#27;[36mo.apache.catalina.core.StandardService  &amp#27;[0;39m &amp#27;[2m:&amp#27;[0;39m Starting service [Tomcat]
&amp#27;[2m2025-08-15T21:33:15.880+05:30&amp#27;[0;39m &amp#27;[32m INFO&amp#27;[0;39m &amp#27;[35m4750&amp#27;[0;39m &amp#27;[2m---&amp#27;[0;39m &amp#27;[2m[           main]&amp#27;[0;39m &amp#27;[2m&amp#27;[0;39m&amp#27;[36mo.apache.catalina.core.StandardEngine   &amp#27;[0;39m &amp#27;[2m:&amp#27;[0;39m Starting Servlet engine: [Apache Tomcat/10.1.20]
&amp#27;[2m2025-08-15T21:33:15.901+05:30&amp#27;[0;39m &amp#27;[32m INFO&amp#27;[0;39m &amp#27;[35m4750&amp#27;[0;39m &amp#27;[2m---&amp#27;[0;39m &amp#27;[2m[           main]&amp#27;[0;39m &amp#27;[2m&amp#27;[0;39m&amp#27;[36mo.a.c.c.C.[Tomcat].[localhost].[/]      &amp#27;[0;39m &amp#27;[2m:&amp#27;[0;39m Initializing Spring embedded WebApplicationContext
&amp#27;[2m2025-08-15T21:33:15.901+05:30&amp#27;[0;39m &amp#27;[32m INFO&amp#27;[0;39m &amp#27;[35m4750&amp#27;[0;39m &amp#27;[2m---&amp#27;[0;39m &amp#27;[2m[           main]&amp#27;[0;39m &amp#27;[2m&amp#27;[0;39m&amp#27;[36mw.s.c.ServletWebServerApplicationContext&amp#27;[0;39m &amp#27;[2m:&amp#27;[0;39m Root WebApplicationContext: initialization completed in 478 ms
&amp#27;[2m2025-08-15T21:33:15.960+05:30&amp#27;[0;39m &amp#27;[32m INFO&amp#27;[0;39m &amp#27;[35m4750&amp#27;[0;39m &amp#27;[2m---&amp#27;[0;39m &amp#27;[2m[           main]&amp#27;[0;39m &amp#27;[2m&amp#27;[0;39m&amp#27;[36mo.hibernate.jpa.internal.util.LogHelper &amp#27;[0;39m &amp#27;[2m:&amp#27;[0;39m HHH000204: Processing PersistenceUnitInfo [name: default]
&amp#27;[2m2025-08-15T21:33:15.982+05:30&amp#27;[0;39m &amp#27;[32m INFO&amp#27;[0;39m &amp#27;[35m4750&amp#27;[0;39m &amp#27;[2m---&amp#27;[0;39m &amp#27;[2m[           main]&amp#27;[0;39m &amp#27;[2m&amp#27;[0;39m&amp#27;[36morg.hibernate.Version                   &amp#27;[0;39m &amp#27;[2m:&amp#27;[0;39m HHH000412: Hibernate ORM core version 6.4.4.Final
&amp#27;[2m2025-08-15T21:33:15.996+05:30&amp#27;[0;39m &amp#27;[32m INFO&amp#27;[0;39m &amp#27;[35m4750&amp#27;[0;39m &amp#27;[2m---&amp#27;[0;39m &amp#27;[2m[           main]&amp#27;[0;39m &amp#27;[2m&amp#27;[0;39m&amp#27;[36mo.h.c.internal.RegionFactoryInitiator   &amp#27;[0;39m &amp#27;[2m:&amp#27;[0;39m HHH000026: Second-level cache disabled
&amp#27;[2m2025-08-15T21:33:16.091+05:30&amp#27;[0;39m &amp#27;[32m INFO&amp#27;[0;39m &amp#27;[35m4750&amp#27;[0;39m &amp#27;[2m---&amp#27;[0;39m &amp#27;[2m[           main]&amp#27;[0;39m &amp#27;[2m&amp#27;[0;39m&amp#27;[36mo.s.o.j.p.SpringPersistenceUnitInfo     &amp#27;[0;39m &amp#27;[2m:&amp#27;[0;39m No LoadTimeWeaver setup: ignoring JPA class transformer
&amp#27;[2m2025-08-15T21:33:16.100+05:30&amp#27;[0;39m &amp#27;[32m INFO&amp#27;[0;39m &amp#27;[35m4750&amp#27;[0;39m &amp#27;[2m---&amp#27;[0;39m &amp#27;[2m[           main]&amp#27;[0;39m &amp#27;[2m&amp#27;[0;39m&amp#27;[36mcom.zaxxer.hikari.HikariDataSource      &amp#27;[0;39m &amp#27;[2m:&amp#27;[0;39m HikariPool-1 - Starting...
&amp#27;[2m2025-08-15T21:33:16.167+05:30&amp#27;[0;39m &amp#27;[32m INFO&amp#27;[0;39m &amp#27;[35m4750&amp#27;[0;39m &amp#27;[2m---&amp#27;[0;39m &amp#27;[2m[           main]&amp#27;[0;39m &amp#27;[2m&amp#27;[0;39m&amp#27;[36mcom.zaxxer.hikari.pool.HikariPool       &amp#27;[0;39m &amp#27;[2m:&amp#27;[0;39m HikariPool-1 - Added connection conn0: url=jdbc:h2:mem:midas user=SA
&amp#27;[2m2025-08-15T21:33:16.167+05:30&amp#27;[0;39m &amp#27;[32m INFO&amp#27;[0;39m &amp#27;[35m4750&amp#27;[0;39m &amp#27;[2m---&amp#27;[0;39m &amp#27;[2m[           main]&amp#27;[0;39m &amp#27;[2m&amp#27;[0;39m&amp#27;[36mcom.zaxxer.hikari.HikariDataSource      &amp#27;[0;39m &amp#27;[2m:&amp#27;[0;39m HikariPool-1 - Start completed.
&amp#27;[2m2025-08-15T21:33:16.549+05:30&amp#27;[0;39m &amp#27;[32m INFO&amp#27;[0;39m &amp#27;[35m4750&amp#27;[0;39m &amp#27;[2m---&amp#27;[0;39m &amp#27;[2m[           main]&amp#27;[0;39m &amp#27;[2m&amp#27;[0;39m&amp#27;[36mo.h.e.t.j.p.i.JtaPlatformInitiator      &amp#27;[0;39m &amp#27;[2m:&amp#27;[0;39m HHH000489: No JTA platform available (set 'hibernate.transaction.jta.platform' to enable JTA platform integration)
&amp#27;[2m2025-08-15T21:33:16.563+05:30&amp#27;[0;39m &amp#27;[32m INFO&amp#27;[0;39m &amp#27;[35m4750&amp#27;[0;39m &amp#27;[2m---&amp#27;[0;39m &amp#27;[2m[           main]&amp#27;[0;39m &amp#27;[2m&amp#27;[0;39m&amp#27;[36mj.LocalContainerEntityManagerFactoryBean&amp#27;[0;39m &amp#27;[2m:&amp#27;[0;39m Initialized JPA EntityManagerFactory for persistence unit 'default'
&amp#27;[2m2025-08-15T21:33:16.912+05:30&amp#27;[0;39m &amp#27;[32m INFO&amp#27;[0;39m &amp#27;[35m4750&amp#27;[0;39m &amp#27;[2m---&amp#27;[0;39m &amp#27;[2m[           main]&amp#27;[0;39m &amp#27;[2m&amp#27;[0;39m&amp#27;[36mo.s.b.w.embedded.tomcat.TomcatWebServer &amp#27;[0;39m &amp#27;[2m:&amp#27;[0;39m Tomcat started on port 33400 (http) with context path ''
&amp#27;[2m2025-08-15T21:33:16.922+05:30&amp#27;[0;39m &amp#27;[32m INFO&amp#27;[0;39m &amp#27;[35m4750&amp#27;[0;39m &amp#27;[2m---&amp#27;[0;39m &amp#27;[2m[           main]&amp#27;[0;39m &amp#27;[2m&amp#27;[0;39m&amp#27;[36mo.a.k.clients.consumer.ConsumerConfig   &amp#27;[0;39m &amp#27;[2m:&amp#27;[0;39m ConsumerConfig values: 
	allow.auto.create.topics = true
	auto.commit.interval.ms = 5000
	auto.include.jmx.reporter = true
	auto.offset.reset = earliest
	bootstrap.servers = [localhost:54128]
	check.crcs = true
	client.dns.lookup = use_all_dns_ips
	client.id = consumer-midas-core-consumer-1
	client.rack = 
	connections.max.idle.ms = 540000
	default.api.timeout.ms = 60000
	enable.auto.commit = false
	exclude.internal.topics = true
	fetch.max.bytes = 52428800
	fetch.max.wait.ms = 500
	fetch.min.bytes = 1
	group.id = midas-core-consumer
	group.instance.id = null
	heartbeat.interval.ms = 3000
	interceptor.classes = []
	internal.leave.group.on.close = true
	internal.throw.on.fetch.stable.offset.unsupported = false
	isolation.level = read_uncommitted
	key.deserializer = class org.apache.kafka.common.serialization.StringDeserializer
	max.partition.fetch.bytes = 1048576
	max.poll.interval.ms = 300000
	max.poll.records = 500
	metadata.max.age.ms = 300000
	metric.reporters = []
	metrics.num.samples = 2
	metrics.recording.level = INFO
	metrics.sample.window.ms = 30000
	partition.assignment.strategy = [class org.apache.kafka.clients.consumer.RangeAssignor, class org.apache.kafka.clients.consumer.CooperativeStickyAssignor]
	receive.buffer.bytes = 65536
	reconnect.backoff.max.ms = 1000
	reconnect.backoff.ms = 50
	request.timeout.ms = 30000
	retry.backoff.ms = 100
	sasl.client.callback.handler.class = null
	sasl.jaas.config = null
	sasl.kerberos.kinit.cmd = /usr/bin/kinit
	sasl.kerberos.min.time.before.relogin = 60000
	sasl.kerberos.service.name = null
	sasl.kerberos.ticket.renew.jitter = 0.05
	sasl.kerberos.ticket.renew.window.factor = 0.8
	sasl.login.callback.handler.class = null
	sasl.login.class = null
	sasl.login.connect.timeout.ms = null
	sasl.login.read.timeout.ms = null
	sasl.login.refresh.buffer.seconds = 300
	sasl.login.refresh.min.period.seconds = 60
	sasl.login.refresh.window.factor = 0.8
	sasl.login.refresh.window.jitter = 0.05
	sasl.login.retry.backoff.max.ms = 10000
	sasl.login.retry.backoff.ms = 100
	sasl.mechanism = GSSAPI
	sasl.oauthbearer.clock.skew.seconds = 30
	sasl.oauthbearer.expected.audience = null
	sasl.oauthbearer.expected.issuer = null
	sasl.oauthbearer.jwks.endpoint.refresh.ms = 3600000
	sasl.oauthbearer.jwks.endpoint.retry.backoff.max.ms = 10000
	sasl.oauthbearer.jwks.endpoint.retry.backoff.ms = 100
	sasl.oauthbearer.jwks.endpoint.url = null
	sasl.oauthbearer.scope.claim.name = scope
	sasl.oauthbearer.sub.claim.name = sub
	sasl.oauthbearer.token.endpoint.url = null
	security.protocol = PLAINTEXT
	security.providers = null
	send.buffer.bytes = 131072
	session.timeout.ms = 45000
	socket.connection.setup.timeout.max.ms = 30000
	socket.connection.setup.timeout.ms = 10000
	ssl.cipher.suites = null
	ssl.enabled.protocols = [TLSv1.2, TLSv1.3]
	ssl.endpoint.identification.algorithm = https
	ssl.engine.factory.class = null
	ssl.key.password = null
	ssl.keymanager.algorithm = SunX509
	ssl.keystore.certificate.chain = null
	ssl.keystore.key = null
	ssl.keystore.location = null
	ssl.keystore.password = null
	ssl.keystore.type = JKS
	ssl.protocol = TLSv1.3
	ssl.provider = null
	ssl.secure.random.implementation = null
	ssl.trustmanager.algorithm = PKIX
	ssl.truststore.certificates = null
	ssl.truststore.location = null
	ssl.truststore.password = null
	ssl.truststore.type = JKS
	value.deserializer = class org.springframework.kafka.support.serializer.JsonDeserializer

&amp#27;[2m2025-08-15T21:33:16.936+05:30&amp#27;[0;39m &amp#27;[32m INFO&amp#27;[0;39m &amp#27;[35m4750&amp#27;[0;39m &amp#27;[2m---&amp#27;[0;39m &amp#27;[2m[           main]&amp#27;[0;39m &amp#27;[2m&amp#27;[0;39m&amp#27;[36mo.a.kafka.common.utils.AppInfoParser    &amp#27;[0;39m &amp#27;[2m:&amp#27;[0;39m Kafka version: 3.6.2
&amp#27;[2m2025-08-15T21:33:16.936+05:30&amp#27;[0;39m &amp#27;[32m INFO&amp#27;[0;39m &amp#27;[35m4750&amp#27;[0;39m &amp#27;[2m---&amp#27;[0;39m &amp#27;[2m[           main]&amp#27;[0;39m &amp#27;[2m&amp#27;[0;39m&amp#27;[36mo.a.kafka.common.utils.AppInfoParser    &amp#27;[0;39m &amp#27;[2m:&amp#27;[0;39m Kafka commitId: c4deed513057c94e
&amp#27;[2m2025-08-15T21:33:16.936+05:30&amp#27;[0;39m &amp#27;[32m INFO&amp#27;[0;39m &amp#27;[35m4750&amp#27;[0;39m &amp#27;[2m---&amp#27;[0;39m &amp#27;[2m[           main]&amp#27;[0;39m &amp#27;[2m&amp#27;[0;39m&amp#27;[36mo.a.kafka.common.utils.AppInfoParser    &amp#27;[0;39m &amp#27;[2m:&amp#27;[0;39m Kafka startTimeMs: 1755273796936
[...]
&amp#27;[2m2025-08-15T21:33:17.452+05:30&amp#27;[0;39m &amp#27;[32m INFO&amp#27;[0;39m &amp#27;[35m4750&amp#27;[0;39m &amp#27;[2m---&amp#27;[0;39m &amp#27;[2m[adata-manager-0]&amp#27;[0;39m &amp#27;[2m&amp#27;[0;39m&amp#27;[36mk.c.group.GroupMetadataManager          &amp#27;[0;39m &amp#27;[2m:&amp#27;[0;39m [GroupMetadataManager brokerId=0] Finished loading offsets and group metadata from __consumer_offsets-3 in 3 milliseconds for epoch 0, of which 3 milliseconds was spent in the scheduler.
&amp#27;[2m2025-08-15T21:33:17.452+05:30&amp#27;[0;39m &amp#27;[32m INFO&amp#27;[0;39m &amp#27;[35m4750&amp#27;[0;39m &amp#27;[2m---&amp#27;[0;39m &amp#27;[2m[adata-manager-0]&amp#27;[0;39m &amp#27;[2m&amp#27;[0;39m&amp#27;[36mk.c.group.GroupMetadataManager          &amp#27;[0;39m &amp#27;[2m:&amp#27;[0;39m [GroupMetadataManager brokerId=0] Finished loading offsets and group metadata from __consumer_offsets-36 in 3 milliseconds for epoch 0, of which 3 milliseconds was spent in the scheduler.
&amp#27;[2m2025-08-15T21:33:17.452+05:30&amp#27;[0;39m &amp#27;[32m INFO&amp#27;[0;39m &amp#27;[35m4750&amp#27;[0;39m &amp#27;[2m---&amp#27;[0;39m &amp#27;[2m[adata-manager-0]&amp#27;[0;39m &amp#27;[2m&amp#27;[0;39m&amp#27;[36mk.c.group.GroupMetadataManager          &amp#27;[0;39m &amp#27;[2m:&amp#27;[0;39m [GroupMetadataManager brokerId=0] Finished loading offsets and group metadata from __consumer_offsets-47 in 3 milliseconds for epoch 0, of which 3 milliseconds was spent in the scheduler.
&amp#27;[2m2025-08-15T21:33:17.452+05:30&amp#27;[0;39m &amp#27;[32m INFO&amp#27;[0;39m &amp#27;[35m4750&amp#27;[0;39m &amp#27;[2m---&amp#27;[0;39m &amp#27;[2m[adata-manager-0]&amp#27;[0;39m &amp#27;[2m&amp#27;[0;39m&amp#27;[36mk.c.group.GroupMetadataManager          &amp#27;[0;39m &amp#27;[2m:&amp#27;[0;39m [GroupMetadataManager brokerId=0] Finished loading offsets and group metadata from __consumer_offsets-14 in 3 milliseconds for epoch 0, of which 3 milliseconds was spent in the scheduler.
&amp#27;[2m2025-08-15T21:33:17.452+05:30&amp#27;[0;39m &amp#27;[32m INFO&amp#27;[0;39m &amp#27;[35m4750&amp#27;[0;39m &amp#27;[2m---&amp#27;[0;39m &amp#27;[2m[adata-manager-0]&amp#27;[0;39m &amp#27;[2m&amp#27;[0;39m&amp#27;[36mk.c.group.GroupMetadataManager          &amp#27;[0;39m &amp#27;[2m:&amp#27;[0;39m [GroupMetadataManager brokerId=0] Finished loading offsets and group metadata from __consumer_offsets-43 in 3 milliseconds for epoch 0, of which 3 milliseconds was spent in the scheduler.
&amp#27;[2m2025-08-15T21:33:17.452+05:30&amp#27;[0;39m &amp#27;[32m INFO&amp#27;[0;39m &amp#27;[35m4750&amp#27;[0;39m &amp#27;[2m---&amp#27;[0;39m &amp#27;[2m[adata-manager-0]&amp#27;[0;39m &amp#27;[2m&amp#27;[0;39m&amp#27;[36mk.c.group.GroupMetadataManager          &amp#27;[0;39m &amp#27;[2m:&amp#27;[0;39m [GroupMetadataManager brokerId=0] Finished loading offsets and group metadata from __consumer_offsets-10 in 3 milliseconds for epoch 0, of which 3 milliseconds was spent in the scheduler.
&amp#27;[2m2025-08-15T21:33:17.452+05:30&amp#27;[0;39m &amp#27;[32m INFO&amp#27;[0;39m &amp#27;[35m4750&amp#27;[0;39m &amp#27;[2m---&amp#27;[0;39m &amp#27;[2m[adata-manager-0]&amp#27;[0;39m &amp#27;[2m&amp#27;[0;39m&amp#27;[36mk.c.group.GroupMetadataManager          &amp#27;[0;39m &amp#27;[2m:&amp#27;[0;39m [GroupMetadataManager brokerId=0] Finished loading offsets and group metadata from __consumer_offsets-22 in 3 milliseconds for epoch 0, of which 3 milliseconds was spent in the scheduler.
&amp#27;[2m2025-08-15T21:33:17.452+05:30&amp#27;[0;39m &amp#27;[32m INFO&amp#27;[0;39m &amp#27;[35m4750&amp#27;[0;39m &amp#27;[2m---&amp#27;[0;39m &amp#27;[2m[adata-manager-0]&amp#27;[0;39m &amp#27;[2m&amp#27;[0;39m&amp#27;[36mk.c.group.GroupMetadataManager          &amp#27;[0;39m &amp#27;[2m:&amp#27;[0;39m [GroupMetadataManager brokerId=0] Finished loading offsets and group metadata from __consumer_offsets-18 in 3 milliseconds for epoch 0, of which 3 milliseconds was spent in the scheduler.
&amp#27;[2m2025-08-15T21:33:17.452+05:30&amp#27;[0;39m &amp#27;[32m INFO&amp#27;[0;39m &amp#27;[35m4750&amp#27;[0;39m &amp#27;[2m---&amp#27;[0;39m &amp#27;[2m[adata-manager-0]&amp#27;[0;39m &amp#27;[2m&amp#27;[0;39m&amp#27;[36mk.c.group.GroupMetadataManager          &amp#27;[0;39m &amp#27;[2m:&amp#27;[0;39m [GroupMetadataManager brokerId=0] Finished loading offsets and group metadata from __consumer_offsets-31 in 2 milliseconds for epoch 0, of which 2 milliseconds was spent in the scheduler.
&amp#27;[2m2025-08-15T21:33:17.452+05:30&amp#27;[0;39m &amp#27;[32m INFO&amp#27;[0;39m &amp#27;[35m4750&amp#27;[0;39m &amp#27;[2m---&amp#27;[0;39m &amp#27;[2m[adata-manager-0]&amp#27;[0;39m &amp#27;[2m&amp#27;[0;39m&amp#27;[36mk.c.group.GroupMetadataManager          &amp#27;[0;39m &amp#27;[2m:&amp#27;[0;39m [GroupMetadataManager brokerId=0] Finished loading offsets and group metadata from __consumer_offsets-27 in 2 milliseconds for epoch 0, of which 2 milliseconds was spent in the scheduler.
&amp#27;[2m2025-08-15T21:33:17.452+05:30&amp#27;[0;39m &amp#27;[32m INFO&amp#27;[0;39m &amp#27;[35m4750&amp#27;[0;39m &amp#27;[2m---&amp#27;[0;39m &amp#27;[2m[adata-manager-0]&amp#27;[0;39m &amp#27;[2m&amp#27;[0;39m&amp#27;[36mk.c.group.GroupMetadataManager          &amp#27;[0;39m &amp#27;[2m:&amp#27;[0;39m [GroupMetadataManager brokerId=0] Finished loading offsets and group metadata from __consumer_offsets-39 in 2 milliseconds for epoch 0, of which 2 milliseconds was spent in the scheduler.
&amp#27;[2m2025-08-15T21:33:17.452+05:30&amp#27;[0;39m &amp#27;[32m INFO&amp#27;[0;39m &amp#27;[35m4750&amp#27;[0;39m &amp#27;[2m---&amp#27;[0;39m &amp#27;[2m[adata-manager-0]&amp#27;[0;39m &amp#27;[2m&amp#27;[0;39m&amp#27;[36mk.c.group.GroupMetadataManager          &amp#27;[0;39m &amp#27;[2m:&amp#27;[0;39m [GroupMetadataManager brokerId=0] Finished loading offsets and group metadata from __consumer_offsets-6 in 2 milliseconds for epoch 0, of which 2 milliseconds was spent in the scheduler.
&amp#27;[2m2025-08-15T21:33:17.452+05:30&amp#27;[0;39m &amp#27;[32m INFO&amp#27;[0;39m &amp#27;[35m4750&amp#27;[0;39m &amp#27;[2m---&amp#27;[0;39m &amp#27;[2m[adata-manager-0]&amp#27;[0;39m &amp#27;[2m&amp#27;[0;39m&amp#27;[36mk.c.group.GroupMetadataManager          &amp#27;[0;39m &amp#27;[2m:&amp#27;[0;39m [GroupMetadataManager brokerId=0] Finished loading offsets and group metadata from __consumer_offsets-35 in 2 milliseconds for epoch 0, of which 2 milliseconds was spent in the scheduler.
&amp#27;[2m2025-08-15T21:33:17.452+05:30&amp#27;[0;39m &amp#27;[32m INFO&amp#27;[0;39m &amp#27;[35m4750&amp#27;[0;39m &amp#27;[2m---&amp#27;[0;39m &amp#27;[2m[adata-manager-0]&amp#27;[0;39m &amp#27;[2m&amp#27;[0;39m&amp#27;[36mk.c.group.GroupMetadataManager          &amp#27;[0;39m &amp#27;[2m:&amp#27;[0;39m [GroupMetadataManager brokerId=0] Finished loading offsets and group metadata from __consumer_offsets-2 in 2 milliseconds for epoch 0, of which 2 milliseconds was spent in the scheduler.
&amp#27;[2m2025-08-15T21:33:17.545+05:30&amp#27;[0;39m &amp#27;[32m INFO&amp#27;[0;39m &amp#27;[35m4750&amp#27;[0;39m &amp#27;[2m---&amp#27;[0;39m &amp#27;[2m[ntainer#0-0-C-1]&amp#27;[0;39m &amp#27;[2m&amp#27;[0;39m&amp#27;[36mo.a.k.c.c.internals.ConsumerCoordinator &amp#27;[0;39m &amp#27;[2m:&amp#27;[0;39m [Consumer clientId=consumer-midas-core-consumer-1, groupId=midas-core-consumer] Discovered group coordinator localhost:54128 (id: 2147483647 rack: null)
&amp#27;[2m2025-08-15T21:33:17.545+05:30&amp#27;[0;39m &amp#27;[32m INFO&amp#27;[0;39m &amp#27;[35m4750&amp#27;[0;39m &amp#27;[2m---&amp#27;[0;39m &amp#27;[2m[ntainer#0-0-C-1]&amp#27;[0;39m &amp#27;[2m&amp#27;[0;39m&amp#27;[36mo.a.k.c.c.internals.ConsumerCoordinator &amp#27;[0;39m &amp#27;[2m:&amp#27;[0;39m [Consumer clientId=consumer-midas-core-consumer-1, groupId=midas-core-consumer] Request joining group due to: rebalance failed due to 'This is not the correct coordinator.' (NotCoordinatorException)
&amp#27;[2m2025-08-15T21:33:17.545+05:30&amp#27;[0;39m &amp#27;[32m INFO&amp#27;[0;39m &amp#27;[35m4750&amp#27;[0;39m &amp#27;[2m---&amp#27;[0;39m &amp#27;[2m[ntainer#0-0-C-1]&amp#27;[0;39m &amp#27;[2m&amp#27;[0;39m&amp#27;[36mo.a.k.c.c.internals.ConsumerCoordinator &amp#27;[0;39m &amp#27;[2m:&amp#27;[0;39m [Consumer clientId=consumer-midas-core-consumer-1, groupId=midas-core-consumer] (Re-)joining group
&amp#27;[2m2025-08-15T21:33:17.550+05:30&amp#27;[0;39m &amp#27;[32m INFO&amp#27;[0;39m &amp#27;[35m4750&amp#27;[0;39m &amp#27;[2m---&amp#27;[0;39m &amp#27;[2m[quest-handler-1]&amp#27;[0;39m &amp#27;[2m&amp#27;[0;39m&amp#27;[36mk.coordinator.group.GroupCoordinator    &amp#27;[0;39m &amp#27;[2m:&amp#27;[0;39m [GroupCoordinator 0]: Dynamic member with unknown member id joins group midas-core-consumer in Empty state. Created a new member id consumer-midas-core-consumer-1-63c5cc9a-9183-434e-bef8-7c5f57fc5760 and request the member to rejoin with this id.
&amp#27;[2m2025-08-15T21:33:17.552+05:30&amp#27;[0;39m &amp#27;[32m INFO&amp#27;[0;39m &amp#27;[35m4750&amp#27;[0;39m &amp#27;[2m---&amp#27;[0;39m &amp#27;[2m[ntainer#0-0-C-1]&amp#27;[0;39m &amp#27;[2m&amp#27;[0;39m&amp#27;[36mo.a.k.c.c.internals.ConsumerCoordinator &amp#27;[0;39m &amp#27;[2m:&amp#27;[0;39m [Consumer clientId=consumer-midas-core-consumer-1, groupId=midas-core-consumer] Request joining group due to: need to re-join with the given member-id: consumer-midas-core-consumer-1-63c5cc9a-9183-434e-bef8-7c5f57fc5760
&amp#27;[2m2025-08-15T21:33:17.553+05:30&amp#27;[0;39m &amp#27;[32m INFO&amp#27;[0;39m &amp#27;[35m4750&amp#27;[0;39m &amp#27;[2m---&amp#27;[0;39m &amp#27;[2m[ntainer#0-0-C-1]&amp#27;[0;39m &amp#27;[2m&amp#27;[0;39m&amp#27;[36mo.a.k.c.c.internals.ConsumerCoordinator &amp#27;[0;39m &amp#27;[2m:&amp#27;[0;39m [Consumer clientId=consumer-midas-core-consumer-1, groupId=midas-core-consumer] Request joining group due to: rebalance failed due to 'The group member needs to have a valid member id before actually entering a consumer group.' (MemberIdRequiredException)
&amp#27;[2m2025-08-15T21:33:17.553+05:30&amp#27;[0;39m &amp#27;[32m INFO&amp#27;[0;39m &amp#27;[35m4750&amp#27;[0;39m &amp#27;[2m---&amp#27;[0;39m &amp#27;[2m[ntainer#0-0-C-1]&amp#27;[0;39m &amp#27;[2m&amp#27;[0;39m&amp#27;[36mo.a.k.c.c.internals.ConsumerCoordinator &amp#27;[0;39m &amp#27;[2m:&amp#27;[0;39m [Consumer clientId=consumer-midas-core-consumer-1, groupId=midas-core-consumer] (Re-)joining group
&amp#27;[2m2025-08-15T21:33:17.555+05:30&amp#27;[0;39m &amp#27;[32m INFO&amp#27;[0;39m &amp#27;[35m4750&amp#27;[0;39m &amp#27;[2m---&amp#27;[0;39m &amp#27;[2m[quest-handler-4]&amp#27;[0;39m &amp#27;[2m&amp#27;[0;39m&amp#27;[36mk.coordinator.group.GroupCoordinator    &amp#27;[0;39m &amp#27;[2m:&amp#27;[0;39m [GroupCoordinator 0]: Preparing to rebalance group midas-core-consumer in state PreparingRebalance with old generation 0 (__consumer_offsets-1) (reason: Adding new member consumer-midas-core-consumer-1-63c5cc9a-9183-434e-bef8-7c5f57fc5760 with group instance id None; client reason: rebalance failed due to MemberIdRequiredException)
&amp#27;[2m2025-08-15T21:33:17.558+05:30&amp#27;[0;39m &amp#27;[32m INFO&amp#27;[0;39m &amp#27;[35m4750&amp#27;[0;39m &amp#27;[2m---&amp#27;[0;39m &amp#27;[2m[cutor-Rebalance]&amp#27;[0;39m &amp#27;[2m&amp#27;[0;39m&amp#27;[36mk.coordinator.group.GroupCoordinator    &amp#27;[0;39m &amp#27;[2m:&amp#27;[0;39m [GroupCoordinator 0]: Stabilized group midas-core-consumer generation 1 (__consumer_offsets-1) with 1 members
&amp#27;[2m2025-08-15T21:33:17.558+05:30&amp#27;[0;39m &amp#27;[32m INFO&amp#27;[0;39m &amp#27;[35m4750&amp#27;[0;39m &amp#27;[2m---&amp#27;[0;39m &amp#27;[2m[ntainer#0-0-C-1]&amp#27;[0;39m &amp#27;[2m&amp#27;[0;39m&amp#27;[36mo.a.k.c.c.internals.ConsumerCoordinator &amp#27;[0;39m &amp#27;[2m:&amp#27;[0;39m [Consumer clientId=consumer-midas-core-consumer-1, groupId=midas-core-consumer] Successfully joined group with generation Generation{generationId=1, memberId='consumer-midas-core-consumer-1-63c5cc9a-9183-434e-bef8-7c5f57fc5760', protocol='range'}
&amp#27;[2m2025-08-15T21:33:17.561+05:30&amp#27;[0;39m &amp#27;[32m INFO&amp#27;[0;39m &amp#27;[35m4750&amp#27;[0;39m &amp#27;[2m---&amp#27;[0;39m &amp#27;[2m[ntainer#0-0-C-1]&amp#27;[0;39m &amp#27;[2m&amp#27;[0;39m&amp#27;[36mo.a.k.c.c.internals.ConsumerCoordinator &amp#27;[0;39m &amp#27;[2m:&amp#27;[0;39m [Consumer clientId=consumer-midas-core-consumer-1, groupId=midas-core-consumer] Finished assignment for group at generation 1: {consumer-midas-core-consumer-1-63c5cc9a-9183-434e-bef8-7c5f57fc5760=Assignment(partitions=[midas-transactions-0])}
&amp#27;[2m2025-08-15T21:33:17.563+05:30&amp#27;[0;39m &amp#27;[32m INFO&amp#27;[0;39m &amp#27;[35m4750&amp#27;[0;39m &amp#27;[2m---&amp#27;[0;39m &amp#27;[2m[quest-handler-3]&amp#27;[0;39m &amp#27;[2m&amp#27;[0;39m&amp#27;[36mk.coordinator.group.GroupCoordinator    &amp#27;[0;39m &amp#27;[2m:&amp#27;[0;39m [GroupCoordinator 0]: Assignment received from leader consumer-midas-core-consumer-1-63c5cc9a-9183-434e-bef8-7c5f57fc5760 for group midas-core-consumer for generation 1. The group has 1 members, 0 of which are static.
&amp#27;[2m2025-08-15T21:33:17.568+05:30&amp#27;[0;39m &amp#27;[32m INFO&amp#27;[0;39m &amp#27;[35m4750&amp#27;[0;39m &amp#27;[2m---&amp#27;[0;39m &amp#27;[2m[ntainer#0-0-C-1]&amp#27;[0;39m &amp#27;[2m&amp#27;[0;39m&amp#27;[36mo.a.k.c.c.internals.ConsumerCoordinator &amp#27;[0;39m &amp#27;[2m:&amp#27;[0;39m [Consumer clientId=consumer-midas-core-consumer-1, groupId=midas-core-consumer] Successfully synced group in generation Generation{generationId=1, memberId='consumer-midas-core-consumer-1-63c5cc9a-9183-434e-bef8-7c5f57fc5760', protocol='range'}
&amp#27;[2m2025-08-15T21:33:17.568+05:30&amp#27;[0;39m &amp#27;[32m INFO&amp#27;[0;39m &amp#27;[35m4750&amp#27;[0;39m &amp#27;[2m---&amp#27;[0;39m &amp#27;[2m[ntainer#0-0-C-1]&amp#27;[0;39m &amp#27;[2m&amp#27;[0;39m&amp#27;[36mo.a.k.c.c.internals.ConsumerCoordinator &amp#27;[0;39m &amp#27;[2m:&amp#27;[0;39m [Consumer clientId=consumer-midas-core-consumer-1, groupId=midas-core-consumer] Notifying assignor about the new Assignment(partitions=[midas-transactions-0])
&amp#27;[2m2025-08-15T21:33:17.569+05:30&amp#27;[0;39m &amp#27;[32m INFO&amp#27;[0;39m &amp#27;[35m4750&amp#27;[0;39m &amp#27;[2m---&amp#27;[0;39m &amp#27;[2m[ntainer#0-0-C-1]&amp#27;[0;39m &amp#27;[2m&amp#27;[0;39m&amp#27;[36mo.a.k.c.c.internals.ConsumerCoordinator &amp#27;[0;39m &amp#27;[2m:&amp#27;[0;39m [Consumer clientId=consumer-midas-core-consumer-1, groupId=midas-core-consumer] Adding newly assigned partitions: midas-transactions-0
&amp#27;[2m2025-08-15T21:33:17.573+05:30&amp#27;[0;39m &amp#27;[32m INFO&amp#27;[0;39m &amp#27;[35m4750&amp#27;[0;39m &amp#27;[2m---&amp#27;[0;39m &amp#27;[2m[ntainer#0-0-C-1]&amp#27;[0;39m &amp#27;[2m&amp#27;[0;39m&amp#27;[36mo.a.k.c.c.internals.ConsumerCoordinator &amp#27;[0;39m &amp#27;[2m:&amp#27;[0;39m [Consumer clientId=consumer-midas-core-consumer-1, groupId=midas-core-consumer] Found no committed offset for partition midas-transactions-0
&amp#27;[2m2025-08-15T21:33:17.576+05:30&amp#27;[0;39m &amp#27;[32m INFO&amp#27;[0;39m &amp#27;[35m4750&amp#27;[0;39m &amp#27;[2m---&amp#27;[0;39m &amp#27;[2m[ntainer#0-0-C-1]&amp#27;[0;39m &amp#27;[2m&amp#27;[0;39m&amp#27;[36mo.a.k.c.c.internals.SubscriptionState   &amp#27;[0;39m &amp#27;[2m:&amp#27;[0;39m [Consumer clientId=consumer-midas-core-consumer-1, groupId=midas-core-consumer] Resetting offset for partition midas-transactions-0 to position FetchPosition{offset=0, offsetEpoch=Optional.empty, currentLeader=LeaderAndEpoch{leader=Optional[localhost:54128 (id: 0 rack: null)], epoch=0}}.
&amp#27;[2m2025-08-15T21:33:17.577+05:30&amp#27;[0;39m &amp#27;[32m INFO&amp#27;[0;39m &amp#27;[35m4750&amp#27;[0;39m &amp#27;[2m---&amp#27;[0;39m &amp#27;[2m[ntainer#0-0-C-1]&amp#27;[0;39m &amp#27;[2m&amp#27;[0;39m&amp#27;[36mo.s.k.l.KafkaMessageListenerContainer   &amp#27;[0;39m &amp#27;[2m:&amp#27;[0;39m midas-core-consumer: partitions assigned: [midas-transactions-0]
&amp#27;[2m2025-08-15T21:33:19.339+05:30&amp#27;[0;39m &amp#27;[32m INFO&amp#27;[0;39m &amp#27;[35m4750&amp#27;[0;39m &amp#27;[2m---&amp#27;[0;39m &amp#27;[2m[           main]&amp#27;[0;39m &amp#27;[2m&amp#27;[0;39m&amp#27;[36mcom.jpmc.midascore.TaskFiveTests        &amp#27;[0;39m &amp#27;[2m:&amp#27;[0;39m ----------------------------------------------------------
&amp#27;[2m2025-08-15T21:33:19.339+05:30&amp#27;[0;39m &amp#27;[32m INFO&amp#27;[0;39m &amp#27;[35m4750&amp#27;[0;39m &amp#27;[2m---&amp#27;[0;39m &amp#27;[2m[           main]&amp#27;[0;39m &amp#27;[2m&amp#27;[0;39m&amp#27;[36mcom.jpmc.midascore.TaskFiveTests        &amp#27;[0;39m &amp#27;[2m:&amp#27;[0;39m ----------------------------------------------------------
&amp#27;[2m2025-08-15T21:33:19.339+05:30&amp#27;[0;39m &amp#27;[32m INFO&amp#27;[0;39m &amp#27;[35m4750&amp#27;[0;39m &amp#27;[2m---&amp#27;[0;39m &amp#27;[2m[           main]&amp#27;[0;39m &amp#27;[2m&amp#27;[0;39m&amp#27;[36mcom.jpmc.midascore.TaskFiveTests        &amp#27;[0;39m &amp#27;[2m:&amp#27;[0;39m ----------------------------------------------------------
&amp#27;[2m2025-08-15T21:33:19.339+05:30&amp#27;[0;39m &amp#27;[32m INFO&amp#27;[0;39m &amp#27;[35m4750&amp#27;[0;39m &amp#27;[2m---&amp#27;[0;39m &amp#27;[2m[           main]&amp#27;[0;39m &amp#27;[2m&amp#27;[0;39m&amp#27;[36mcom.jpmc.midascore.TaskFiveTests        &amp#27;[0;39m &amp#27;[2m:&amp#27;[0;39m submit the following output to complete the task (include begin and end output denotations)
&amp#27;[2m2025-08-15T21:33:19.402+05:30&amp#27;[0;39m &amp#27;[32m INFO&amp#27;[0;39m &amp#27;[35m4750&amp#27;[0;39m &amp#27;[2m---&amp#27;[0;39m &amp#27;[2m[io-33400-exec-1]&amp#27;[0;39m &amp#27;[2m&amp#27;[0;39m&amp#27;[36mo.a.c.c.C.[Tomcat].[localhost].[/]      &amp#27;[0;39m &amp#27;[2m:&amp#27;[0;39m Initializing Spring DispatcherServlet 'dispatcherServlet'
&amp#27;[2m2025-08-15T21:33:19.402+05:30&amp#27;[0;39m &amp#27;[32m INFO&amp#27;[0;39m &amp#27;[35m4750&amp#27;[0;39m &amp#27;[2m---&amp#27;[0;39m &amp#27;[2m[io-33400-exec-1]&amp#27;[0;39m &amp#27;[2m&amp#27;[0;39m&amp#27;[36mo.s.web.servlet.DispatcherServlet       &amp#27;[0;39m &amp#27;[2m:&amp#27;[0;39m Initializing Servlet 'dispatcherServlet'
&amp#27;[2m2025-08-15T21:33:19.403+05:30&amp#27;[0;39m &amp#27;[32m INFO&amp#27;[0;39m &amp#27;[35m4750&amp#27;[0;39m &amp#27;[2m---&amp#27;[0;39m &amp#27;[2m[io-33400-exec-1]&amp#27;[0;39m &amp#27;[2m&amp#27;[0;39m&amp#27;[36mo.s.web.servlet.DispatcherServlet       &amp#27;[0;39m &amp#27;[2m:&amp#27;[0;39m Completed initialization in 1 ms
&amp#27;[2m2025-08-15T21:33:19.441+05:30&amp#27;[0;39m &amp#27;[32m INFO&amp#27;[0;39m &amp#27;[35m4750&amp#27;[0;39m &amp#27;[2m---&amp#27;[0;39m &amp#27;[2m[           main]&amp#27;[0;39m &amp#27;[2m&amp#27;[0;39m&amp#27;[36mcom.jpmc.midascore.TaskFiveTests        &amp#27;[0;39m &amp#27;[2m:&amp#27;[0;39m 
---begin output ---
Balance {amount=0.0}
Balance {amount=1326.98}
Balance {amount=2567.52}
Balance {amount=2740.33}
Balance {amount=140.96999}
Balance {amount=10.419973}
Balance {amount=845.49005}
Balance {amount=657.49}
Balance {amount=99.189995}
Balance {amount=3434.0002}
Balance {amount=2157.1902}
Balance {amount=779421.3}
Balance {amount=0.0}
---end output ---
]]></system-out>
    <system-err><![CDATA[WARNING: A Java agent has been loaded dynamically (/Users/amritanshushiwanshi/.m2/repository/net/bytebuddy/byte-buddy-agent/1.14.13/byte-buddy-agent-1.14.13.jar)
WARNING: If a serviceability tool is in use, please run with -XX:+EnableDynamicAgentLoading to hide this warning
WARNING: If a serviceability tool is not in use, please run with -Djdk.instrument.traceUsage for more information
WARNING: Dynamic loading of agents will be disallowed by default in a future release
]]></system-err>
  </testcase>
</testsuite>